Determining if the pthread_create exist failed with the following output:
Change Dir: /root/mraa/build/CMakeFiles/CMakeTmp

Run Build Command:/usr/bin/make "cmTryCompileExec265605778/fast"
/usr/bin/make -f CMakeFiles/cmTryCompileExec265605778.dir/build.make CMakeFiles/cmTryCompileExec265605778.dir/build
make[1]: Entering directory `/root/mraa/build/CMakeFiles/CMakeTmp'
/usr/bin/cmake -E cmake_progress_report /root/mraa/build/CMakeFiles/CMakeTmp/CMakeFiles 1
Building C object CMakeFiles/cmTryCompileExec265605778.dir/CheckSymbolExists.c.o
/usr/bin/gcc    -o CMakeFiles/cmTryCompileExec265605778.dir/CheckSymbolExists.c.o   -c /root/mraa/build/CMakeFiles/CMakeTmp/CheckSymbolExists.c
Linking C executable cmTryCompileExec265605778
/usr/bin/cmake -E cmake_link_script CMakeFiles/cmTryCompileExec265605778.dir/link.txt --verbose=1
/usr/bin/gcc         CMakeFiles/cmTryCompileExec265605778.dir/CheckSymbolExists.c.o  -o cmTryCompileExec265605778 -rdynamic 
CMakeFiles/cmTryCompileExec265605778.dir/CheckSymbolExists.c.o: In function `main':
CheckSymbolExists.c:(.text+0xa): undefined reference to `pthread_create'
collect2: error: ld returned 1 exit status
make[1]: *** [cmTryCompileExec265605778] Error 1
make[1]: Leaving directory `/root/mraa/build/CMakeFiles/CMakeTmp'
make: *** [cmTryCompileExec265605778/fast] Error 2

File /root/mraa/build/CMakeFiles/CMakeTmp/CheckSymbolExists.c:
/* */
#include <pthread.h>

int main(int argc, char** argv)
{
  (void)argv;
#ifndef pthread_create
  return ((int*)(&pthread_create))[argc];
#else
  (void)argc;
  return 0;
#endif
}

Determining if the function pthread_create exists in the pthreads failed with the following output:
Change Dir: /root/mraa/build/CMakeFiles/CMakeTmp

Run Build Command:/usr/bin/make "cmTryCompileExec525737179/fast"
/usr/bin/make -f CMakeFiles/cmTryCompileExec525737179.dir/build.make CMakeFiles/cmTryCompileExec525737179.dir/build
make[1]: Entering directory `/root/mraa/build/CMakeFiles/CMakeTmp'
/usr/bin/cmake -E cmake_progress_report /root/mraa/build/CMakeFiles/CMakeTmp/CMakeFiles 1
Building C object CMakeFiles/cmTryCompileExec525737179.dir/CheckFunctionExists.c.o
/usr/bin/gcc   -DCHECK_FUNCTION_EXISTS=pthread_create   -o CMakeFiles/cmTryCompileExec525737179.dir/CheckFunctionExists.c.o   -c /usr/share/cmake-2.8/Modules/CheckFunctionExists.c
Linking C executable cmTryCompileExec525737179
/usr/bin/cmake -E cmake_link_script CMakeFiles/cmTryCompileExec525737179.dir/link.txt --verbose=1
/usr/bin/gcc     -DCHECK_FUNCTION_EXISTS=pthread_create    CMakeFiles/cmTryCompileExec525737179.dir/CheckFunctionExists.c.o  -o cmTryCompileExec525737179 -rdynamic -lpthreads 
/usr/bin/ld: cannot find -lpthreads
collect2: error: ld returned 1 exit status
make[1]: *** [cmTryCompileExec525737179] Error 1
make[1]: Leaving directory `/root/mraa/build/CMakeFiles/CMakeTmp'
make: *** [cmTryCompileExec525737179/fast] Error 2


