
Start-Date: 2014-10-14  13:48:59
Commandline: apt-get install dosfstools parted openssh-server usbutils pciutils
Install: libkeyutils1:i386 (1.5.5-3, automatic), dmsetup:i386 (1.02.74-8, automatic), libpci3:i386 (3.1.9-6, automatic), libedit2:i386 (2.11-20080614-5, automatic), libkrb5-3:i386 (1.10.1+dfsg-5+deb7u1, automatic), libkrb5support0:i386 (1.10.1+dfsg-5+deb7u1, automatic), openssh-blacklist-extra:i386 (0.4.1+nmu1, automatic), libwrap0:i386 (7.6.q-24, automatic), krb5-locales:i386 (1.10.1+dfsg-5+deb7u1, automatic), libx11-data:i386 (1.5.0-1+deb7u1, automatic), dosfstools:i386 (3.0.13-1), xauth:i386 (1.0.7-1, automatic), ncurses-term:i386 (5.9-10, automatic), libusb-1.0-0:i386 (1.0.11-1, automatic), libbsd0:i386 (0.4.2-1, automatic), libxmuu1:i386 (1.1.1-1, automatic), libparted0debian1:i386 (2.3-12, automatic), parted:i386 (2.3-12), libdevmapper1.02.1:i386 (1.02.74-8, automatic), libk5crypto3:i386 (1.10.1+dfsg-5+deb7u1, automatic), tcpd:i386 (7.6.q-24, automatic), openssh-client:i386 (6.0p1-4+deb7u2, automatic), libxcb1:i386 (1.8.1-2+deb7u1, automatic), libxau6:i386 (1.0.7-1, automatic), pciutils:i386 (3.1.9-6), libxdmcp6:i386 (1.1.1-1, automatic), openssh-blacklist:i386 (0.4.1+nmu1, automatic), usbutils:i386 (005-3), libx11-6:i386 (1.5.0-1+deb7u1, automatic), libgssapi-krb5-2:i386 (1.10.1+dfsg-5+deb7u1, automatic), openssh-server:i386 (6.0p1-4+deb7u2), libxext6:i386 (1.3.1-2+deb7u1, automatic)
End-Date: 2014-10-14  13:49:05

Start-Date: 2014-10-14  13:49:42
Commandline: apt-get install wireless-tools wpasupplicant hostapd udhcpd udhcpc
Install: libnl-3-200:i386 (3.2.7-4, automatic), wireless-tools:i386 (30~pre9-8), libdbus-1-3:i386 (1.6.8-1+deb7u3, automatic), libcap2:i386 (2.22-1.2, automatic), libexpat1:i386 (2.1.0-1+deb7u1, automatic), libpcsclite1:i386 (1.8.4-1+deb7u1, automatic), hostapd:i386 (1.0-3+b1), dbus:i386 (1.6.8-1+deb7u3, automatic), libiw30:i386 (30~pre9-8, automatic), libsystemd-login0:i386 (44-11+deb7u4, automatic), wpasupplicant:i386 (1.0-3+b1), libnl-genl-3-200:i386 (3.2.7-4, automatic), libreadline5:i386 (5.2+dfsg-2~deb7u1, automatic), udhcpc:i386 (1.20.0-7), udhcpd:i386 (1.20.0-7), busybox:i386 (1.20.0-7, automatic)
End-Date: 2014-10-14  13:49:45

Start-Date: 2014-10-14  13:50:58
Commandline: apt-get install gcc g++ python make vim
Install: libgmp10:i386 (5.0.5+dfsg-2, automatic), libmpfr4:i386 (3.1.0-5, automatic), mime-support:i386 (3.52-1, automatic), libstdc++6-4.7-dev:i386 (4.7.2-5, automatic), g++-4.7:i386 (4.7.2-5, automatic), manpages-dev:i386 (3.44-1, automatic), libc-dev-bin:i386 (2.13-38+deb7u2, automatic), libgomp1:i386 (4.7.2-5, automatic), g++:i386 (4.7.2-1), linux-libc-dev:i386 (3.2.57-3, automatic), python2.7:i386 (2.7.3-6+deb7u2, automatic), python-minimal:i386 (2.7.3-4+deb7u1, automatic), gcc-4.7:i386 (4.7.2-5, automatic), python2.7-minimal:i386 (2.7.3-6+deb7u2, automatic), cpp:i386 (4.7.2-1, automatic), gcc:i386 (4.7.2-1), python:i386 (2.7.3-4+deb7u1), libgpm2:i386 (1.20.4-6, automatic), file:i386 (5.11-2+deb7u3, automatic), vim:i386 (7.3.547-7), libc6-dev:i386 (2.13-38+deb7u2, automatic), vim-runtime:i386 (7.3.547-7, automatic), libitm1:i386 (4.7.2-5, automatic), libquadmath0:i386 (4.7.2-5, automatic), cpp-4.7:i386 (4.7.2-5, automatic), binutils:i386 (2.22-8, automatic), make:i386 (3.81-8.2), libmpc2:i386 (0.9-4, automatic), libmagic1:i386 (5.11-2+deb7u3, automatic)
End-Date: 2014-10-14  13:51:10

Start-Date: 2014-10-15  12:33:14
Commandline: apt-get install psmisc
Install: psmisc:i386 (22.19-1+deb7u1)
End-Date: 2014-10-15  12:33:15

Start-Date: 2014-10-15  15:26:14
Commandline: apt-get install locales
Install: locales:i386 (2.13-38+deb7u2)
End-Date: 2014-10-15  15:26:16

Start-Date: 2014-10-16  08:56:43
Commandline: apt-get install -y apt-transport-https lsb-release
Install: apt-transport-https:i386 (0.9.7.9+deb7u6), libsasl2-modules:i386 (2.1.25.dfsg1-6+deb7u1, automatic), libcurl3-gnutls:i386 (7.26.0-1+wheezy10, automatic), libssh2-1:i386 (1.4.2-1.1, automatic), ca-certificates:i386 (20130119, automatic), libldap-2.4-2:i386 (2.4.31-1+nmu2, automatic), libsasl2-2:i386 (2.1.25.dfsg1-6+deb7u1, automatic), openssl:i386 (1.0.1e-2+deb7u12, automatic), librtmp0:i386 (2.4+20111222.git4e06e21-1, automatic), lsb-release:i386 (4.1+Debian8+deb7u1)
End-Date: 2014-10-16  08:56:49

Start-Date: 2014-10-16  08:57:24
Commandline: apt-get install nodejs
Install: nodejs:i386 (0.10.32-1nodesource1~wheezy1), rlwrap:i386 (0.37-3, automatic)
End-Date: 2014-10-16  08:57:27

Start-Date: 2014-10-24  13:08:16
Commandline: apt-get install ntp
Install: libclass-isa-perl:i386 (0.36-3, automatic), libswitch-perl:i386 (2.16-2, automatic), perl:i386 (5.14.2-21+deb7u2, automatic), libopts25:i386 (5.12-0.1, automatic), ntp:i386 (4.2.6.p5+dfsg-2), perl-modules:i386 (5.14.2-21+deb7u2, automatic)
Upgrade: perl-base:i386 (5.14.2-21+deb7u1, 5.14.2-21+deb7u2)
End-Date: 2014-10-24  13:08:46

Start-Date: 2014-10-24  13:10:35
Commandline: apt-get install libnl1
Install: libnl1:i386 (1.1-7)
End-Date: 2014-10-24  13:10:38

Start-Date: 2015-02-06  10:44:13
Commandline: apt-get install lynx
Install: lynx:i386 (2.8.8dev.12-2), lynx-cur:i386 (2.8.8dev.12-2, automatic)
End-Date: 2015-02-06  10:44:20

Start-Date: 2015-02-16  11:23:33
Commandline: apt-get upgrade
Upgrade: libkeyutils1:i386 (1.5.5-3, 1.5.5-3+deb7u1), libkrb5-3:i386 (1.10.1+dfsg-5+deb7u1, 1.10.1+dfsg-5+deb7u3), libc-bin:i386 (2.13-38+deb7u2, 2.13-38+deb7u7), libkrb5support0:i386 (1.10.1+dfsg-5+deb7u1, 1.10.1+dfsg-5+deb7u3), base-files:i386 (7.1wheezy6, 7.1wheezy8), mime-support:i386 (3.52-1, 3.52-1+deb7u1), libapt-pkg4.12:i386 (0.9.7.9+deb7u2, 0.9.7.9+deb7u7), krb5-locales:i386 (1.10.1+dfsg-5+deb7u1, 1.10.1+dfsg-5+deb7u3), libdbus-1-3:i386 (1.6.8-1+deb7u3, 1.6.8-1+deb7u6), apt-transport-https:i386 (0.9.7.9+deb7u6, 0.9.7.9+deb7u7), libc-dev-bin:i386 (2.13-38+deb7u2, 2.13-38+deb7u7), bash:i386 (4.2+dfsg-0.1, 4.2+dfsg-0.1+deb7u3), linux-libc-dev:i386 (3.2.57-3, 3.2.65-1+deb7u1), libcurl3-gnutls:i386 (7.26.0-1+wheezy10, 7.26.0-1+wheezy12), libtasn1-3:i386 (2.13-2, 2.13-2+deb7u1), libk5crypto3:i386 (1.10.1+dfsg-5+deb7u1, 1.10.1+dfsg-5+deb7u3), apt-utils:i386 (0.9.7.9+deb7u2, 0.9.7.9+deb7u7), hostapd:i386 (1.0-3+b1, 1.0-3+deb7u1), dbus:i386 (1.6.8-1+deb7u3, 1.6.8-1+deb7u6), apt:i386 (0.9.7.9+deb7u2, 0.9.7.9+deb7u7), locales:i386 (2.13-38+deb7u2, 2.13-38+deb7u7), cpio:i386 (2.11+dfsg-0.1, 2.11+dfsg-0.1+deb7u1), nodejs:i386 (0.10.32-1nodesource1~wheezy1, 0.10.36-1nodesource1~wheezy1), ca-certificates:i386 (20130119, 20130119+deb7u1), libgcrypt11:i386 (1.5.0-5+deb7u1, 1.5.0-5+deb7u2), wget:i386 (1.13.4-3+deb7u1, 1.13.4-3+deb7u2), multiarch-support:i386 (2.13-38+deb7u2, 2.13-38+deb7u7), file:i386 (5.11-2+deb7u3, 5.11-2+deb7u7), ntp:i386 (4.2.6.p5+dfsg-2, 4.2.6.p5+dfsg-2+deb7u3), debian-archive-keyring:i386 (2012.4, 2014.3~deb7u1), wpasupplicant:i386 (1.0-3+b1, 1.0-3+deb7u1), libc6-dev:i386 (2.13-38+deb7u2, 2.13-38+deb7u7), tzdata:i386 (2014e-0wheezy1, 2015a-0wheezy1), gpgv:i386 (1.4.12-7+deb7u4, 1.4.12-7+deb7u6), openssl:i386 (1.0.1e-2+deb7u12, 1.0.1e-2+deb7u14), rsyslog:i386 (5.8.11-3, 5.8.11-3+deb7u2), libapt-inst1.5:i386 (0.9.7.9+deb7u2, 0.9.7.9+deb7u7), libgssapi-krb5-2:i386 (1.10.1+dfsg-5+deb7u1, 1.10.1+dfsg-5+deb7u3), libc6:i386 (2.13-38+deb7u2, 2.13-38+deb7u7), binutils:i386 (2.22-8, 2.22-8+deb7u2), libmagic1:i386 (5.11-2+deb7u3, 5.11-2+deb7u7), libssl1.0.0:i386 (1.0.1e-2+deb7u11, 1.0.1e-2+deb7u14), gnupg:i386 (1.4.12-7+deb7u4, 1.4.12-7+deb7u6)
End-Date: 2015-02-16  11:25:50

Start-Date: 2015-02-16  11:26:14
Commandline: apt-get install iw lynx avahi-daemon
Install: bind9-host:i386 (9.8.4.dfsg.P1-6+nmu2+deb7u3, automatic), avahi-daemon:i386 (0.6.31-2), libavahi-common-data:i386 (0.6.31-2, automatic), libdns88:i386 (9.8.4.dfsg.P1-6+nmu2+deb7u3, automatic), iw:i386 (3.4-1), xml-core:i386 (0.13+nmu2, automatic), libisccc80:i386 (9.8.4.dfsg.P1-6+nmu2+deb7u3, automatic), geoip-database:i386 (20130213-1, automatic), libnss-mdns:i386 (0.10-3.2, automatic), liblwres80:i386 (9.8.4.dfsg.P1-6+nmu2+deb7u3, automatic), crda:i386 (1.1.2-1, automatic), libxml2:i386 (2.8.0+dfsg1-7+wheezy3, automatic), libbind9-80:i386 (9.8.4.dfsg.P1-6+nmu2+deb7u3, automatic), sgml-base:i386 (1.26+nmu4, automatic), libgeoip1:i386 (1.4.8+dfsg-3, automatic), libdaemon0:i386 (0.14-2, automatic), libisccfg82:i386 (9.8.4.dfsg.P1-6+nmu2+deb7u3, automatic), wireless-regdb:i386 (2014.10.07-1~deb7u1, automatic), libisc84:i386 (9.8.4.dfsg.P1-6+nmu2+deb7u3, automatic), libavahi-common3:i386 (0.6.31-2, automatic), libavahi-core7:i386 (0.6.31-2, automatic)
End-Date: 2015-02-16  11:26:56

Start-Date: 2015-02-16  11:54:27
Commandline: apt-get install minicom
Install: minicom:i386 (2.6.1-1), lrzsz:i386 (0.12.21-5, automatic)
End-Date: 2015-02-16  11:54:32

Start-Date: 2015-02-17  15:26:41
Commandline: apt-get install libusb-dev libdbus-1-dev libglib2.0-dev automake libudev-dev libical-dev libreadline-dev rfkill
Install: libical0:i386 (0.48-2, automatic), shared-mime-info:i386 (1.0-1+b1, automatic), pkg-config:i386 (0.26-1, automatic), libglib2.0-bin:i386 (2.33.12+really2.32.4-5, automatic), libglib2.0-dev:i386 (2.33.12+really2.32.4-5), libpcre3-dev:i386 (8.30-5, automatic), m4:i386 (1.4.16-3, automatic), autoconf:i386 (2.69-1, automatic), libpcre3:i386 (8.30-5, automatic), rfkill:i386 (0.4-1), libpcrecpp0:i386 (8.30-5, automatic), libffi5:i386 (3.0.10-3, automatic), libelf1:i386 (0.152-1+wheezy1, automatic), libusb-dev:i386 (0.1.12-20+nmu1), libreadline-dev:i386 (6.2+dfsg-0.1), libdbus-1-dev:i386 (1.6.8-1+deb7u6), autotools-dev:i386 (20120608.1, automatic), libudev-dev:i386 (175-7.2), zlib1g-dev:i386 (1.2.7.dfsg-13, automatic), libglib2.0-data:i386 (2.33.12+really2.32.4-5, automatic), automake:i386 (1.11.6-1), libreadline6-dev:i386 (6.2+dfsg-0.1, automatic), libglib2.0-0:i386 (2.33.12+really2.32.4-5, automatic), libtinfo-dev:i386 (5.9-10, automatic), libical-dev:i386 (0.48-2)
End-Date: 2015-02-17  15:27:26

Start-Date: 2015-02-24  14:19:42
Commandline: apt-get install cmake
Install: libnettle4:i386 (2.4-3, automatic), cmake-data:i386 (2.8.9-1, automatic), libxmlrpc-core-c3:i386 (1.16.33-3.2, automatic), emacsen-common:i386 (2.0.5, automatic), cmake:i386 (2.8.9-1), libcurl3:i386 (7.26.0-1+wheezy12, automatic), libarchive12:i386 (3.0.4-3+nmu1, automatic)
End-Date: 2015-02-24  14:19:45

Start-Date: 2015-02-24  14:20:10
Commandline: apt-get install git
Install: git-man:i386 (1.7.10.4-1+wheezy1, automatic), liberror-perl:i386 (0.17-1, automatic), git:i386 (1.7.10.4-1+wheezy1), rsync:i386 (3.0.9-4, automatic), patch:i386 (2.6.1-3, automatic), less:i386 (444-4, automatic)
End-Date: 2015-02-24  14:20:15

Start-Date: 2015-02-24  14:22:33
Commandline: apt-get remove nodejs
Remove: nodejs:i386 (0.10.36-1nodesource1~wheezy1)
End-Date: 2015-02-24  14:22:34

Start-Date: 2015-02-24  14:22:52
Commandline: apt-get -t wheezy-backports install nodejs nodejs-dev
Install: nodejs-dev:i386 (0.10.29~dfsg-1~bpo70+1), libv8-3.14-dev:i386 (3.14.5.8-8~bpo70+1, automatic), libc-ares-dev:i386 (1.9.1-3, automatic), libssl-dev:i386 (1.0.1e-2+deb7u14, automatic), libssl-doc:i386 (1.0.1e-2+deb7u14, automatic), nodejs:i386 (0.10.29~dfsg-1~bpo70+1), libv8-3.14.5:i386 (3.14.5.8-8~bpo70+1, automatic), libc-ares2:i386 (1.9.1-3, automatic)
End-Date: 2015-02-24  14:22:58

Start-Date: 2015-02-24  15:09:22
Commandline: apt-get install python-dev
Install: python-dev:i386 (2.7.3-4+deb7u1), libpython2.7:i386 (2.7.3-6+deb7u2, automatic), libexpat1-dev:i386 (2.1.0-1+deb7u1, automatic), python2.7-dev:i386 (2.7.3-6+deb7u2, automatic)
End-Date: 2015-02-24  15:09:26

Start-Date: 2015-02-25  11:27:33
Commandline: apt-get install curl
Install: curl:i386 (7.26.0-1+wheezy12)
End-Date: 2015-02-25  11:27:35
