update-alternatives 2014-10-14 13:47:09: run with --quiet --install /usr/bin/awk awk /usr/bin/mawk 5 --slave /usr/share/man/man1/awk.1.gz awk.1.gz /usr/share/man/man1/mawk.1.gz --slave /usr/bin/nawk nawk /usr/bin/mawk --slave /usr/share/man/man1/nawk.1.gz nawk.1.gz /usr/share/man/man1/mawk.1.gz
update-alternatives 2014-10-14 13:47:09: link group awk updated to point to /usr/bin/mawk
update-alternatives 2014-10-14 13:47:18: run with --install /usr/sbin/rmt rmt /usr/sbin/rmt-tar 50 --slave /usr/share/man/man8/rmt.8.gz rmt.8.gz /usr/share/man/man8/rmt-tar.8.gz
update-alternatives 2014-10-14 13:47:18: link group rmt updated to point to /usr/sbin/rmt-tar
update-alternatives 2014-10-14 13:47:18: run with --quiet --install /usr/bin/awk awk /usr/bin/mawk 5 --slave /usr/share/man/man1/awk.1.gz awk.1.gz /usr/share/man/man1/mawk.1.gz --slave /usr/bin/nawk nawk /usr/bin/mawk --slave /usr/share/man/man1/nawk.1.gz nawk.1.gz /usr/share/man/man1/mawk.1.gz
update-alternatives 2014-10-14 13:47:20: run with --install /usr/bin/lzma lzma /usr/bin/xz 20 --slave /usr/share/man/man1/lzma.1.gz lzma.1.gz /usr/share/man/man1/xz.1.gz --slave /usr/bin/unlzma unlzma /usr/bin/unxz --slave /usr/share/man/man1/unlzma.1.gz unlzma.1.gz /usr/share/man/man1/unxz.1.gz --slave /usr/bin/lzcat lzcat /usr/bin/xzcat --slave /usr/share/man/man1/lzcat.1.gz lzcat.1.gz /usr/share/man/man1/xzcat.1.gz --slave /usr/bin/lzmore lzmore /usr/bin/xzmore --slave /usr/share/man/man1/lzmore.1.gz lzmore.1.gz /usr/share/man/man1/xzmore.1.gz --slave /usr/bin/lzless lzless /usr/bin/xzless --slave /usr/share/man/man1/lzless.1.gz lzless.1.gz /usr/share/man/man1/xzless.1.gz --slave /usr/bin/lzdiff lzdiff /usr/bin/xzdiff --slave /usr/share/man/man1/lzdiff.1.gz lzdiff.1.gz /usr/share/man/man1/xzdiff.1.gz --slave /usr/bin/lzcmp lzcmp /usr/bin/xzcmp --slave /usr/share/man/man1/lzcmp.1.gz lzcmp.1.gz /usr/share/man/man1/xzcmp.1.gz --slave /usr/bin/lzgrep lzgrep /usr/bin/xzgrep --slave /usr/share/man/man1/lzgrep.1.gz lzgrep.1.gz /usr/share/man/man1/xzgrep.1.gz --slave /usr/bin/lzegrep lzegrep /usr/bin/xzegrep --slave /usr/share/man/man1/lzegrep.1.gz lzegrep.1.gz /usr/share/man/man1/xzegrep.1.gz --slave /usr/bin/lzfgrep lzfgrep /usr/bin/xzfgrep --slave /usr/share/man/man1/lzfgrep.1.gz lzfgrep.1.gz /usr/share/man/man1/xzfgrep.1.gz
update-alternatives 2014-10-14 13:47:20: link group lzma updated to point to /usr/bin/xz
update-alternatives 2014-10-14 13:47:21: run with --install /usr/share/man/man7/builtins.7.gz builtins.7.gz /usr/share/man/man7/bash-builtins.7.gz 10
update-alternatives 2014-10-14 13:47:21: link group builtins.7.gz updated to point to /usr/share/man/man7/bash-builtins.7.gz
update-alternatives 2014-10-14 13:47:23: run with --install /usr/bin/pager pager /bin/more 50 --slave /usr/share/man/man1/pager.1.gz pager.1.gz /usr/share/man/man1/more.1.gz
update-alternatives 2014-10-14 13:47:23: link group pager updated to point to /bin/more
update-alternatives 2014-10-14 13:47:23: run with --install /usr/bin/pager pager /usr/bin/pg 10 --slave /usr/share/man/man1/pager.1.gz pager.1.gz /usr/share/man/man1/pg.1.gz
update-alternatives 2014-10-14 13:47:31: run with --install /usr/bin/traceroute traceroute /usr/bin/traceroute.db 100 --slave /usr/sbin/traceroute traceroute.sbin /usr/bin/traceroute.db --slave /usr/share/man/man1/traceroute.1.gz traceroute.1.gz /usr/share/man/man1/traceroute.db.1.gz
update-alternatives 2014-10-14 13:47:31: link group traceroute updated to point to /usr/bin/traceroute.db
update-alternatives 2014-10-14 13:47:31: run with --install /usr/bin/traceroute6 traceroute6 /usr/bin/traceroute6.db 100 --slave /usr/share/man/man1/traceroute6.1.gz traceroute6.1.gz /usr/share/man/man1/traceroute6.db.1.gz
update-alternatives 2014-10-14 13:47:31: link group traceroute6 updated to point to /usr/bin/traceroute6.db
update-alternatives 2014-10-14 13:47:31: run with --install /usr/bin/lft lft /usr/bin/lft.db 100 --slave /usr/share/man/man1/lft.1.gz lft.1.gz /usr/share/man/man1/lft.db.1.gz
update-alternatives 2014-10-14 13:47:31: link group lft updated to point to /usr/bin/lft.db
update-alternatives 2014-10-14 13:47:31: run with --install /usr/bin/traceproto traceproto /usr/bin/traceproto.db 100 --slave /usr/share/man/man1/traceproto.1.gz traceproto.1.gz /usr/share/man/man1/traceproto.db.1.gz
update-alternatives 2014-10-14 13:47:31: link group traceproto updated to point to /usr/bin/traceproto.db
update-alternatives 2014-10-14 13:47:31: run with --install /usr/sbin/tcptraceroute tcptraceroute /usr/sbin/tcptraceroute.db 100 --slave /usr/share/man/man8/tcptraceroute.8.gz tcptraceroute.8.gz /usr/share/man/man8/tcptraceroute.db.8.gz
update-alternatives 2014-10-14 13:47:31: link group tcptraceroute updated to point to /usr/sbin/tcptraceroute.db
update-alternatives 2014-10-14 13:47:31: run with --install /usr/bin/write write /usr/bin/bsd-write 100 --slave /usr/share/man/man1/write.1.gz write.1.gz /usr/share/man/man1/bsd-write.1.gz
update-alternatives 2014-10-14 13:47:31: link group write updated to point to /usr/bin/bsd-write
update-alternatives 2014-10-14 13:47:31: run with --install /usr/bin/from from /usr/bin/bsd-from 10 --slave /usr/share/man/man1/from.1.gz from.1.gz /usr/share/man/man1/bsd-from.1.gz
update-alternatives 2014-10-14 13:47:31: link group from updated to point to /usr/bin/bsd-from
update-alternatives 2014-10-14 13:47:31: run with --install /bin/nc nc /bin/nc.traditional 10 --slave /bin/netcat netcat /bin/nc.traditional --slave /usr/share/man/man1/nc.1.gz nc.1.gz /usr/share/man/man1/nc.traditional.1.gz --slave /usr/share/man/man1/netcat.1.gz netcat.1.gz /usr/share/man/man1/nc.traditional.1.gz
update-alternatives 2014-10-14 13:47:31: link group nc updated to point to /bin/nc.traditional
update-alternatives 2014-10-14 13:47:31: run with --install /usr/bin/infobrowser infobrowser /usr/bin/info 60 --slave /usr/share/man/man1/infobrowser.1.gz infobrowser.1.gz /usr/share/man/man1/info.1.gz
update-alternatives 2014-10-14 13:47:31: link group infobrowser updated to point to /usr/bin/info
update-alternatives 2014-10-14 13:47:32: run with --install /usr/bin/editor editor /bin/nano 40 --slave /usr/share/man/man1/editor.1.gz editor.1.gz /usr/share/man/man1/nano.1.gz
update-alternatives 2014-10-14 13:47:32: link group editor updated to point to /bin/nano
update-alternatives 2014-10-14 13:47:32: run with --install /usr/bin/pico pico /bin/nano 10 --slave /usr/share/man/man1/pico.1.gz pico.1.gz /usr/share/man/man1/nano.1.gz
update-alternatives 2014-10-14 13:47:32: link group pico updated to point to /bin/nano
update-alternatives 2014-10-14 13:47:32: run with --install /bin/mt mt /bin/mt-gnu 10 --slave /usr/share/man/man1/mt.1.gz mt.1.gz /usr/share/man/man1/mt-gnu.1.gz
update-alternatives 2014-10-14 13:47:32: link group mt updated to point to /bin/mt-gnu
update-alternatives 2014-10-14 13:47:32: run with --install /usr/bin/rview rview /usr/bin/vim.tiny 10
update-alternatives 2014-10-14 13:47:32: link group rview updated to point to /usr/bin/vim.tiny
update-alternatives 2014-10-14 13:47:32: run with --install /usr/bin/vi vi /usr/bin/vim.tiny 10 --slave /usr/share/man/fr/man1/vi.1.gz vi.fr.1.gz /usr/share/man/fr/man1/vim.1.gz --slave /usr/share/man/it/man1/vi.1.gz vi.it.1.gz /usr/share/man/it/man1/vim.1.gz --slave /usr/share/man/pl/man1/vi.1.gz vi.pl.1.gz /usr/share/man/pl/man1/vim.1.gz --slave /usr/share/man/ru/man1/vi.1.gz vi.ru.1.gz /usr/share/man/ru/man1/vim.1.gz --slave /usr/share/man/man1/vi.1.gz vi.1.gz /usr/share/man/man1/vim.1.gz
update-alternatives 2014-10-14 13:47:32: link group vi updated to point to /usr/bin/vim.tiny
update-alternatives 2014-10-14 13:47:32: run with --install /usr/bin/view view /usr/bin/vim.tiny 10 --slave /usr/share/man/fr/man1/view.1.gz view.fr.1.gz /usr/share/man/fr/man1/vim.1.gz --slave /usr/share/man/it/man1/view.1.gz view.it.1.gz /usr/share/man/it/man1/vim.1.gz --slave /usr/share/man/pl/man1/view.1.gz view.pl.1.gz /usr/share/man/pl/man1/vim.1.gz --slave /usr/share/man/ru/man1/view.1.gz view.ru.1.gz /usr/share/man/ru/man1/vim.1.gz --slave /usr/share/man/man1/view.1.gz view.1.gz /usr/share/man/man1/vim.1.gz
update-alternatives 2014-10-14 13:47:32: link group view updated to point to /usr/bin/vim.tiny
update-alternatives 2014-10-14 13:47:32: run with --install /usr/bin/ex ex /usr/bin/vim.tiny 10 --slave /usr/share/man/fr/man1/ex.1.gz ex.fr.1.gz /usr/share/man/fr/man1/vim.1.gz --slave /usr/share/man/it/man1/ex.1.gz ex.it.1.gz /usr/share/man/it/man1/vim.1.gz --slave /usr/share/man/pl/man1/ex.1.gz ex.pl.1.gz /usr/share/man/pl/man1/vim.1.gz --slave /usr/share/man/ru/man1/ex.1.gz ex.ru.1.gz /usr/share/man/ru/man1/vim.1.gz --slave /usr/share/man/man1/ex.1.gz ex.1.gz /usr/share/man/man1/vim.1.gz
update-alternatives 2014-10-14 13:47:32: link group ex updated to point to /usr/bin/vim.tiny
update-alternatives 2014-10-14 13:47:32: run with --install /usr/bin/editor editor /usr/bin/vim.tiny 10 --slave /usr/share/man/fr/man1/editor.1.gz editor.fr.1.gz /usr/share/man/fr/man1/vim.1.gz --slave /usr/share/man/it/man1/editor.1.gz editor.it.1.gz /usr/share/man/it/man1/vim.1.gz --slave /usr/share/man/pl/man1/editor.1.gz editor.pl.1.gz /usr/share/man/pl/man1/vim.1.gz --slave /usr/share/man/ru/man1/editor.1.gz editor.ru.1.gz /usr/share/man/ru/man1/vim.1.gz --slave /usr/share/man/man1/editor.1.gz editor.1.gz /usr/share/man/man1/vim.1.gz
update-alternatives 2014-10-14 13:47:32: run with --install /usr/bin/w w /usr/bin/w.procps 50 --slave /usr/share/man/man1/w.1.gz w.1.gz /usr/share/man/man1/w.procps.1.gz
update-alternatives 2014-10-14 13:47:32: link group w updated to point to /usr/bin/w.procps
update-alternatives 2014-10-14 13:47:38: run with --install /usr/bin/aptitude aptitude /usr/bin/aptitude-curses 30 --slave /usr/share/man/man8/aptitude.8.gz aptitude.8.gz /usr/share/man/man8/aptitude-curses.8.gz --slave /usr/share/man/cs/man8/aptitude.8.gz aptitude.cs.8.gz /usr/share/man/cs/man8/aptitude-curses.8.gz --slave /usr/share/man/de/man8/aptitude.8.gz aptitude.de.8.gz /usr/share/man/de/man8/aptitude-curses.8.gz --slave /usr/share/man/es/man8/aptitude.8.gz aptitude.es.8.gz /usr/share/man/es/man8/aptitude-curses.8.gz --slave /usr/share/man/fi/man8/aptitude.8.gz aptitude.fi.8.gz /usr/share/man/fi/man8/aptitude-curses.8.gz --slave /usr/share/man/fr/man8/aptitude.8.gz aptitude.fr.8.gz /usr/share/man/fr/man8/aptitude-curses.8.gz --slave /usr/share/man/gl/man8/aptitude.8.gz aptitude.gl.8.gz /usr/share/man/gl/man8/aptitude-curses.8.gz --slave /usr/share/man/it/man8/aptitude.8.gz aptitude.it.8.gz /usr/share/man/it/man8/aptitude-curses.8.gz --slave /usr/share/man/ja/man8/aptitude.8.gz aptitude.ja.8.gz /usr/share/man/ja/man8/aptitude-curses.8.gz --slave /usr/share/man/pl/man8/aptitude.8.gz aptitude.pl.8.gz /usr/share/man/pl/man8/aptitude-curses.8.gz
update-alternatives 2014-10-14 13:47:38: link group aptitude updated to point to /usr/bin/aptitude-curses
update-alternatives 2014-10-14 13:49:04: run with --quiet --install /usr/bin/rsh rsh /usr/bin/ssh 20 --slave /usr/share/man/man1/rsh.1.gz rsh.1.gz /usr/share/man/man1/ssh.1.gz
update-alternatives 2014-10-14 13:49:04: link group rsh updated to point to /usr/bin/ssh
update-alternatives 2014-10-14 13:49:04: run with --quiet --install /usr/bin/rlogin rlogin /usr/bin/slogin 20 --slave /usr/share/man/man1/rlogin.1.gz rlogin.1.gz /usr/share/man/man1/slogin.1.gz
update-alternatives 2014-10-14 13:49:04: link group rlogin updated to point to /usr/bin/slogin
update-alternatives 2014-10-14 13:49:04: run with --quiet --install /usr/bin/rcp rcp /usr/bin/scp 20 --slave /usr/share/man/man1/rcp.1.gz rcp.1.gz /usr/share/man/man1/scp.1.gz
update-alternatives 2014-10-14 13:49:04: link group rcp updated to point to /usr/bin/scp
update-alternatives 2014-10-14 13:51:08: run with --install /usr/bin/view view /usr/bin/see 1 --slave /usr/share/man/man1/view.1.gz view.1.gz /usr/share/man/man1/see.1.gz
update-alternatives 2014-10-14 13:51:10: run with --quiet --install /lib/cpp cpp /usr/bin/cpp 10
update-alternatives 2014-10-14 13:51:10: link group cpp updated to point to /usr/bin/cpp
update-alternatives 2014-10-14 13:51:10: run with --quiet --install /usr/bin/cc cc /usr/bin/gcc 20
update-alternatives 2014-10-14 13:51:10: link group cc updated to point to /usr/bin/gcc
update-alternatives 2014-10-14 13:51:10: run with --quiet --install /usr/bin/c89 c89 /usr/bin/c89-gcc 20 --slave /usr/share/man/man1/c89.1.gz c89.1.gz /usr/share/man/man1/c89-gcc.1.gz
update-alternatives 2014-10-14 13:51:10: link group c89 updated to point to /usr/bin/c89-gcc
update-alternatives 2014-10-14 13:51:10: run with --quiet --install /usr/bin/c99 c99 /usr/bin/c99-gcc 20 --slave /usr/share/man/man1/c99.1.gz c99.1.gz /usr/share/man/man1/c99-gcc.1.gz
update-alternatives 2014-10-14 13:51:10: link group c99 updated to point to /usr/bin/c99-gcc
update-alternatives 2014-10-14 13:51:10: run with --install /usr/bin/vim vim /usr/bin/vim.basic 30
update-alternatives 2014-10-14 13:51:10: link group vim updated to point to /usr/bin/vim.basic
update-alternatives 2014-10-14 13:51:10: run with --install /usr/bin/vimdiff vimdiff /usr/bin/vim.basic 30
update-alternatives 2014-10-14 13:51:10: link group vimdiff updated to point to /usr/bin/vim.basic
update-alternatives 2014-10-14 13:51:10: run with --install /usr/bin/rvim rvim /usr/bin/vim.basic 30
update-alternatives 2014-10-14 13:51:10: link group rvim updated to point to /usr/bin/vim.basic
update-alternatives 2014-10-14 13:51:10: run with --install /usr/bin/rview rview /usr/bin/vim.basic 30
update-alternatives 2014-10-14 13:51:10: link group rview updated to point to /usr/bin/vim.basic
update-alternatives 2014-10-14 13:51:10: run with --install /usr/bin/vi vi /usr/bin/vim.basic 30 --slave /usr/share/man/fr/man1/vi.1.gz vi.fr.1.gz /usr/share/man/fr/man1/vim.1.gz --slave /usr/share/man/it/man1/vi.1.gz vi.it.1.gz /usr/share/man/it/man1/vim.1.gz --slave /usr/share/man/pl/man1/vi.1.gz vi.pl.1.gz /usr/share/man/pl/man1/vim.1.gz --slave /usr/share/man/ru/man1/vi.1.gz vi.ru.1.gz /usr/share/man/ru/man1/vim.1.gz --slave /usr/share/man/man1/vi.1.gz vi.1.gz /usr/share/man/man1/vim.1.gz
update-alternatives 2014-10-14 13:51:10: link group vi updated to point to /usr/bin/vim.basic
update-alternatives 2014-10-14 13:51:10: run with --install /usr/bin/view view /usr/bin/vim.basic 30 --slave /usr/share/man/fr/man1/view.1.gz view.fr.1.gz /usr/share/man/fr/man1/vim.1.gz --slave /usr/share/man/it/man1/view.1.gz view.it.1.gz /usr/share/man/it/man1/vim.1.gz --slave /usr/share/man/pl/man1/view.1.gz view.pl.1.gz /usr/share/man/pl/man1/vim.1.gz --slave /usr/share/man/ru/man1/view.1.gz view.ru.1.gz /usr/share/man/ru/man1/vim.1.gz --slave /usr/share/man/man1/view.1.gz view.1.gz /usr/share/man/man1/vim.1.gz
update-alternatives 2014-10-14 13:51:10: link group view updated to point to /usr/bin/vim.basic
update-alternatives 2014-10-14 13:51:10: run with --install /usr/bin/ex ex /usr/bin/vim.basic 30 --slave /usr/share/man/fr/man1/ex.1.gz ex.fr.1.gz /usr/share/man/fr/man1/vim.1.gz --slave /usr/share/man/it/man1/ex.1.gz ex.it.1.gz /usr/share/man/it/man1/vim.1.gz --slave /usr/share/man/pl/man1/ex.1.gz ex.pl.1.gz /usr/share/man/pl/man1/vim.1.gz --slave /usr/share/man/ru/man1/ex.1.gz ex.ru.1.gz /usr/share/man/ru/man1/vim.1.gz --slave /usr/share/man/man1/ex.1.gz ex.1.gz /usr/share/man/man1/vim.1.gz
update-alternatives 2014-10-14 13:51:10: link group ex updated to point to /usr/bin/vim.basic
update-alternatives 2014-10-14 13:51:10: run with --install /usr/bin/editor editor /usr/bin/vim.basic 30 --slave /usr/share/man/fr/man1/editor.1.gz editor.fr.1.gz /usr/share/man/fr/man1/vim.1.gz --slave /usr/share/man/it/man1/editor.1.gz editor.it.1.gz /usr/share/man/it/man1/vim.1.gz --slave /usr/share/man/pl/man1/editor.1.gz editor.pl.1.gz /usr/share/man/pl/man1/vim.1.gz --slave /usr/share/man/ru/man1/editor.1.gz editor.ru.1.gz /usr/share/man/ru/man1/vim.1.gz --slave /usr/share/man/man1/editor.1.gz editor.1.gz /usr/share/man/man1/vim.1.gz
update-alternatives 2014-10-14 13:51:10: run with --install /usr/bin/c++ c++ /usr/bin/g++ 20
update-alternatives 2014-10-14 13:51:10: link group c++ updated to point to /usr/bin/g++
update-alternatives 2014-10-16 08:57:27: run with --install /usr/bin/readline-editor readline-editor /usr/bin/rlwrap 60 --slave /usr/share/man/man1/readline-editor.1.gz readline-editor.1.gz /usr/share/man/man1/rlwrap.1.gz
update-alternatives 2014-10-16 08:57:27: link group readline-editor updated to point to /usr/bin/rlwrap
update-alternatives 2014-10-16 08:57:27: run with --quiet --install /usr/bin/node node /usr/bin/nodejs 50 --slave /usr/share/man/man1/node.1.gz node.1.gz /usr/share/man/man1/nodejs.1.gz
update-alternatives 2014-10-16 08:57:27: link group node updated to point to /usr/bin/nodejs
update-alternatives 2014-10-24 13:08:45: run with --install /usr/bin/rename rename /usr/bin/prename 60 --slave /usr/share/man/man1/rename.1.gz rename.1.gz /usr/share/man/man1/prename.1.gz
update-alternatives 2014-10-24 13:08:45: link group rename updated to point to /usr/bin/prename
update-alternatives 2015-02-06 10:44:19: run with --install /usr/bin/www-browser www-browser /usr/bin/lynx 40 --slave /usr/share/man/man1/www-browser.1.gz www-browser.1.gz /usr/share/man/man1/lynx.1.gz
update-alternatives 2015-02-06 10:44:19: link group www-browser updated to point to /usr/bin/lynx
update-alternatives 2015-02-16 11:23:39: run with --remove builtins.7.gz /usr/share/man/man7/bash-builtins.7.gz
update-alternatives 2015-02-16 11:23:39: link group builtins.7.gz fully removed
update-alternatives 2015-02-16 11:23:43: run with --install /usr/share/man/man7/builtins.7.gz builtins.7.gz /usr/share/man/man7/bash-builtins.7.gz 10
update-alternatives 2015-02-16 11:23:43: link group builtins.7.gz updated to point to /usr/share/man/man7/bash-builtins.7.gz
update-alternatives 2015-02-16 11:25:34: run with --install /bin/mt mt /bin/mt-gnu 10 --slave /usr/share/man/man1/mt.1.gz mt.1.gz /usr/share/man/man1/mt-gnu.1.gz
update-alternatives 2015-02-16 11:25:39: run with --install /usr/bin/view view /usr/bin/see 1 --slave /usr/share/man/man1/view.1.gz view.1.gz /usr/share/man/man1/see.1.gz
update-alternatives 2015-02-16 11:25:47: run with --quiet --install /usr/bin/node node /usr/bin/nodejs 50 --slave /usr/share/man/man1/node.1.gz node.1.gz /usr/share/man/man1/nodejs.1.gz
update-alternatives 2015-02-16 11:25:47: auto-repair link group node
update-alternatives 2015-02-17 15:27:19: run with --install /usr/bin/automake automake /usr/bin/automake-1.11 29 --slave /usr/bin/aclocal aclocal /usr/bin/aclocal-1.11 --slave /usr/share/man/man1/automake.1.gz automake.1.gz /usr/share/man/man1/automake-1.11.1.gz --slave /usr/share/man/man1/aclocal.1.gz aclocal.1.gz /usr/share/man/man1/aclocal-1.11.1.gz
update-alternatives 2015-02-17 15:27:19: link group automake updated to point to /usr/bin/automake-1.11
update-alternatives 2015-02-24 14:20:15: run with --quiet --install /usr/bin/pager pager /bin/less 77 --slave /usr/share/man/man1/pager.1.gz pager.1.gz /usr/share/man/man1/less.1.gz
update-alternatives 2015-02-24 14:20:15: link group pager updated to point to /bin/less
update-alternatives 2015-02-24 14:20:15: run with --quiet --install /usr/bin/pager pager /bin/less 77 --slave /usr/share/man/man1/pager.1.gz pager.1.gz /usr/share/man/man1/less.1.gz
update-alternatives 2015-02-24 14:22:33: run with --quiet --remove node /usr/bin/nodejs
update-alternatives 2015-02-24 14:22:33: link group node fully removed
update-alternatives 2015-02-24 14:22:58: run with --install /usr/bin/js js /usr/bin/nodejs 200 --slave /usr/share/man/man1/js.1.gz js.1.gz /usr/share/man/man1/nodejs.1.gz
update-alternatives 2015-02-24 14:22:58: link group js updated to point to /usr/bin/nodejs
