dpkg: warning: parsing file '/var/lib/dpkg/status' near line 5 package 'dpkg':
 missing description
dpkg: warning: parsing file '/var/lib/dpkg/status' near line 5 package 'dpkg':
 missing architecture
Selecting previously unselected package base-passwd.
(Reading database ... 0 files and directories currently installed.)
Unpacking base-passwd (from .../base-passwd_3.5.26_i386.deb) ...
dpkg: base-passwd: dependency problems, but configuring anyway as you requested:
 base-passwd depends on libc6 (>= 2.8); however:
  Package libc6 is not installed.

Setting up base-passwd (3.5.26) ...
dpkg: warning: parsing file '/var/lib/dpkg/status' near line 23 package 'dpkg':
 missing description
dpkg: warning: parsing file '/var/lib/dpkg/status' near line 23 package 'dpkg':
 missing architecture
Selecting previously unselected package base-files.
dpkg: regarding .../base-files_7.1wheezy6_i386.deb containing base-files, pre-dependency problem:
 base-files pre-depends on awk
  awk is not installed.

dpkg: warning: ignoring pre-dependency problem!
(Reading database ... 38 files and directories currently installed.)
Unpacking base-files (from .../base-files_7.1wheezy6_i386.deb) ...
dpkg: base-files: dependency problems, but configuring anyway as you requested:
 base-files depends on awk; however:
  Package awk is not installed.

Setting up base-files (7.1wheezy6) ...
dpkg: warning: parsing file '/var/lib/dpkg/status' near line 50 package 'dpkg':
 missing description
dpkg: warning: parsing file '/var/lib/dpkg/status' near line 50 package 'dpkg':
 missing architecture
dpkg: regarding .../archives/dpkg_1.16.15_i386.deb containing dpkg, pre-dependency problem:
 dpkg pre-depends on libbz2-1.0
  libbz2-1.0 is not installed.

dpkg: warning: ignoring pre-dependency problem!
dpkg: regarding .../archives/dpkg_1.16.15_i386.deb containing dpkg, pre-dependency problem:
 dpkg pre-depends on libc6 (>= 2.11)

dpkg: warning: ignoring pre-dependency problem!
dpkg: regarding .../archives/dpkg_1.16.15_i386.deb containing dpkg, pre-dependency problem:
 dpkg pre-depends on liblzma5 (>= 5.1.1alpha+20120614)

dpkg: warning: ignoring pre-dependency problem!
dpkg: regarding .../archives/dpkg_1.16.15_i386.deb containing dpkg, pre-dependency problem:
 dpkg pre-depends on libselinux1 (>= 1.32)

dpkg: warning: ignoring pre-dependency problem!
dpkg: regarding .../archives/dpkg_1.16.15_i386.deb containing dpkg, pre-dependency problem:
 dpkg pre-depends on zlib1g (>= 1:1.1.4)

dpkg: warning: ignoring pre-dependency problem!
dpkg: regarding .../archives/dpkg_1.16.15_i386.deb containing dpkg, pre-dependency problem:
 dpkg pre-depends on tar (>= 1.23)

dpkg: warning: ignoring pre-dependency problem!
(Reading database ... 115 files and directories currently installed.)
Preparing to replace dpkg 1.16.15 (using .../archives/dpkg_1.16.15_i386.deb) ...
Unpacking replacement dpkg ...
dpkg: dpkg: dependency problems, but configuring anyway as you requested:
 dpkg depends on libbz2-1.0; however:
  Package libbz2-1.0 is not installed.
 dpkg depends on libc6 (>= 2.11); however:
  Package libc6 is not installed.
 dpkg depends on liblzma5 (>= 5.1.1alpha+20120614); however:
  Package liblzma5 is not installed.
 dpkg depends on libselinux1 (>= 1.32); however:
  Package libselinux1 is not installed.
 dpkg depends on zlib1g (>= 1:1.1.4); however:
  Package zlib1g is not installed.
 dpkg depends on tar (>= 1.23); however:
  Package tar is not installed.

Setting up dpkg (1.16.15) ...
Selecting previously unselected package libc6:i386.
(Reading database ... 385 files and directories currently installed.)
Unpacking libc6:i386 (from .../libc6_2.13-38+deb7u2_i386.deb) ...
dpkg: libc6:i386: dependency problems, but configuring anyway as you requested:
 libc6:i386 depends on libc-bin (= 2.13-38+deb7u2); however:
  Package libc-bin is not installed.
 libc6:i386 depends on libgcc1; however:
  Package libgcc1 is not installed.

Setting up libc6:i386 (2.13-38+deb7u2) ...
Selecting previously unselected package perl-base.
(Reading database ... 695 files and directories currently installed.)
Unpacking perl-base (from .../perl-base_5.14.2-21+deb7u1_i386.deb) ...
Setting up perl-base (5.14.2-21+deb7u1) ...
Selecting previously unselected package mawk.
(Reading database ... 1763 files and directories currently installed.)
Unpacking mawk (from .../mawk_1.3.3-17_i386.deb) ...
Setting up mawk (1.3.3-17) ...
Selecting previously unselected package debconf.
(Reading database ... 1782 files and directories currently installed.)
Unpacking debconf (from .../debconf_1.5.49_all.deb) ...
Setting up debconf (1.5.49) ...
Selecting previously unselected package libacl1:i386.
dpkg: regarding .../libacl1_2.2.51-8_i386.deb containing libacl1:i386, pre-dependency problem:
 libacl1 pre-depends on multiarch-support
  multiarch-support is not installed.

dpkg: warning: ignoring pre-dependency problem!
(Reading database ... 1965 files and directories currently installed.)
Unpacking libacl1:i386 (from .../libacl1_2.2.51-8_i386.deb) ...
Selecting previously unselected package libattr1:i386.
dpkg: regarding .../libattr1_1%3a2.4.46-8_i386.deb containing libattr1:i386, pre-dependency problem:
 libattr1 pre-depends on multiarch-support
  multiarch-support is not installed.

dpkg: warning: ignoring pre-dependency problem!
Unpacking libattr1:i386 (from .../libattr1_1%3a2.4.46-8_i386.deb) ...
Preparing to replace base-files 7.1wheezy6 (using .../base-files_7.1wheezy6_i386.deb) ...
Unpacking replacement base-files ...
Preparing to replace base-passwd 3.5.26 (using .../base-passwd_3.5.26_i386.deb) ...
Unpacking replacement base-passwd ...
Selecting previously unselected package bash.
dpkg: regarding .../bash_4.2+dfsg-0.1_i386.deb containing bash, pre-dependency problem:
 bash pre-depends on dash (>= 0.5.5.1-2.2)

dpkg: warning: ignoring pre-dependency problem!
dpkg: regarding .../bash_4.2+dfsg-0.1_i386.deb containing bash, pre-dependency problem:
 bash pre-depends on libtinfo5
  libtinfo5 is not installed.

dpkg: warning: ignoring pre-dependency problem!
Unpacking bash (from .../bash_4.2+dfsg-0.1_i386.deb) ...
Selecting previously unselected package libbz2-1.0:i386.
dpkg: regarding .../libbz2-1.0_1.0.6-4_i386.deb containing libbz2-1.0:i386, pre-dependency problem:
 libbz2-1.0 pre-depends on multiarch-support
  multiarch-support is not installed.

dpkg: warning: ignoring pre-dependency problem!
Unpacking libbz2-1.0:i386 (from .../libbz2-1.0_1.0.6-4_i386.deb) ...
Selecting previously unselected package coreutils.
dpkg: regarding .../coreutils_8.13-3.5_i386.deb containing coreutils, pre-dependency problem:
 coreutils pre-depends on libacl1 (>= 2.2.51-8)
  libacl1:i386 is unpacked, but has never been configured.

dpkg: warning: ignoring pre-dependency problem!
dpkg: regarding .../coreutils_8.13-3.5_i386.deb containing coreutils, pre-dependency problem:
 coreutils pre-depends on libattr1 (>= 1:2.4.46-8)
  libattr1:i386 is unpacked, but has never been configured.

dpkg: warning: ignoring pre-dependency problem!
dpkg: regarding .../coreutils_8.13-3.5_i386.deb containing coreutils, pre-dependency problem:
 coreutils pre-depends on libselinux1 (>= 1.32)

dpkg: warning: ignoring pre-dependency problem!
Unpacking coreutils (from .../coreutils_8.13-3.5_i386.deb) ...
Selecting previously unselected package dash.
Unpacking dash (from .../archives/dash_0.5.7-3_i386.deb) ...
Adding 'diversion of /bin/sh to /bin/sh.distrib by dash'
Adding 'diversion of /usr/share/man/man1/sh.1.gz to /usr/share/man/man1/sh.distrib.1.gz by dash'
Selecting previously unselected package libdb5.1:i386.
dpkg: regarding .../libdb5.1_5.1.29-5_i386.deb containing libdb5.1:i386, pre-dependency problem:
 libdb5.1 pre-depends on multiarch-support
  multiarch-support is not installed.

dpkg: warning: ignoring pre-dependency problem!
Unpacking libdb5.1:i386 (from .../libdb5.1_5.1.29-5_i386.deb) ...
Preparing to replace debconf 1.5.49 (using .../debconf_1.5.49_all.deb) ...
Unpacking replacement debconf ...
Selecting previously unselected package debconf-i18n.
Unpacking debconf-i18n (from .../debconf-i18n_1.5.49_all.deb) ...
Selecting previously unselected package debianutils.
Unpacking debianutils (from .../debianutils_4.3.2_i386.deb) ...
Selecting previously unselected package diffutils.
Unpacking diffutils (from .../diffutils_1%3a3.2-6_i386.deb) ...
dpkg: regarding .../archives/dpkg_1.16.15_i386.deb containing dpkg, pre-dependency problem:
 dpkg pre-depends on libbz2-1.0
  libbz2-1.0:i386 is unpacked, but has never been configured.

dpkg: warning: ignoring pre-dependency problem!
dpkg: regarding .../archives/dpkg_1.16.15_i386.deb containing dpkg, pre-dependency problem:
 dpkg pre-depends on liblzma5 (>= 5.1.1alpha+20120614)

dpkg: warning: ignoring pre-dependency problem!
dpkg: regarding .../archives/dpkg_1.16.15_i386.deb containing dpkg, pre-dependency problem:
 dpkg pre-depends on libselinux1 (>= 1.32)

dpkg: warning: ignoring pre-dependency problem!
dpkg: regarding .../archives/dpkg_1.16.15_i386.deb containing dpkg, pre-dependency problem:
 dpkg pre-depends on zlib1g (>= 1:1.1.4)

dpkg: warning: ignoring pre-dependency problem!
dpkg: regarding .../archives/dpkg_1.16.15_i386.deb containing dpkg, pre-dependency problem:
 dpkg pre-depends on tar (>= 1.23)

dpkg: warning: ignoring pre-dependency problem!
Preparing to replace dpkg 1.16.15 (using .../archives/dpkg_1.16.15_i386.deb) ...
Unpacking replacement dpkg ...
Selecting previously unselected package e2fslibs:i386.
dpkg: regarding .../e2fslibs_1.42.5-1.1_i386.deb containing e2fslibs:i386, pre-dependency problem:
 e2fslibs pre-depends on multiarch-support
  multiarch-support is not installed.

dpkg: warning: ignoring pre-dependency problem!
Unpacking e2fslibs:i386 (from .../e2fslibs_1.42.5-1.1_i386.deb) ...
Selecting previously unselected package e2fsprogs.
dpkg: regarding .../e2fsprogs_1.42.5-1.1_i386.deb containing e2fsprogs, pre-dependency problem:
 e2fsprogs pre-depends on e2fslibs (= 1.42.5-1.1)
  e2fslibs:i386 is unpacked, but has never been configured.

dpkg: warning: ignoring pre-dependency problem!
dpkg: regarding .../e2fsprogs_1.42.5-1.1_i386.deb containing e2fsprogs, pre-dependency problem:
 e2fsprogs pre-depends on libblkid1 (>= 2.17.2)

dpkg: warning: ignoring pre-dependency problem!
dpkg: regarding .../e2fsprogs_1.42.5-1.1_i386.deb containing e2fsprogs, pre-dependency problem:
 e2fsprogs pre-depends on libcomerr2 (>= 1.42~WIP-2011-10-05-1)

dpkg: warning: ignoring pre-dependency problem!
dpkg: regarding .../e2fsprogs_1.42.5-1.1_i386.deb containing e2fsprogs, pre-dependency problem:
 e2fsprogs pre-depends on libss2 (>= 1.34-1)

dpkg: warning: ignoring pre-dependency problem!
dpkg: regarding .../e2fsprogs_1.42.5-1.1_i386.deb containing e2fsprogs, pre-dependency problem:
 e2fsprogs pre-depends on libuuid1 (>= 2.16)

dpkg: warning: ignoring pre-dependency problem!
dpkg: regarding .../e2fsprogs_1.42.5-1.1_i386.deb containing e2fsprogs, pre-dependency problem:
 e2fsprogs pre-depends on util-linux (>= 2.15~rc1-1)

dpkg: warning: ignoring pre-dependency problem!
Unpacking e2fsprogs (from .../e2fsprogs_1.42.5-1.1_i386.deb) ...
Selecting previously unselected package libcomerr2:i386.
dpkg: regarding .../libcomerr2_1.42.5-1.1_i386.deb containing libcomerr2:i386, pre-dependency problem:
 libcomerr2 pre-depends on multiarch-support
  multiarch-support is not installed.

dpkg: warning: ignoring pre-dependency problem!
Unpacking libcomerr2:i386 (from .../libcomerr2_1.42.5-1.1_i386.deb) ...
Selecting previously unselected package libss2:i386.
dpkg: regarding .../libss2_1.42.5-1.1_i386.deb containing libss2:i386, pre-dependency problem:
 libss2 pre-depends on multiarch-support
  multiarch-support is not installed.

dpkg: warning: ignoring pre-dependency problem!
Unpacking libss2:i386 (from .../libss2_1.42.5-1.1_i386.deb) ...
Selecting previously unselected package libc-bin.
Unpacking libc-bin (from .../libc-bin_2.13-38+deb7u2_i386.deb) ...
Preparing to replace libc6:i386 2.13-38+deb7u2 (using .../libc6_2.13-38+deb7u2_i386.deb) ...
Unpacking replacement libc6:i386 ...
Selecting previously unselected package multiarch-support.
Unpacking multiarch-support (from .../multiarch-support_2.13-38+deb7u2_i386.deb) ...
Selecting previously unselected package findutils.
Unpacking findutils (from .../findutils_4.4.2-4_i386.deb) ...
Selecting previously unselected package gcc-4.7-base:i386.
Unpacking gcc-4.7-base:i386 (from .../gcc-4.7-base_4.7.2-5_i386.deb) ...
Selecting previously unselected package libgcc1:i386.
dpkg: regarding .../libgcc1_1%3a4.7.2-5_i386.deb containing libgcc1:i386, pre-dependency problem:
 libgcc1 pre-depends on multiarch-support
  multiarch-support is unpacked, but has never been configured.

dpkg: warning: ignoring pre-dependency problem!
Unpacking libgcc1:i386 (from .../libgcc1_1%3a4.7.2-5_i386.deb) ...
Selecting previously unselected package grep.
Unpacking grep (from .../archives/grep_2.12-2_i386.deb) ...
Selecting previously unselected package gzip.
Unpacking gzip (from .../archives/gzip_1.5-1.1_i386.deb) ...
Selecting previously unselected package hostname.
Unpacking hostname (from .../hostname_3.11_i386.deb) ...
Selecting previously unselected package insserv.
Unpacking insserv (from .../insserv_1.14.0-5_i386.deb) ...
Selecting previously unselected package liblocale-gettext-perl.
Unpacking liblocale-gettext-perl (from .../liblocale-gettext-perl_1.05-7+b1_i386.deb) ...
Selecting previously unselected package libselinux1:i386.
dpkg: regarding .../libselinux1_2.1.9-5_i386.deb containing libselinux1:i386, pre-dependency problem:
 libselinux1 pre-depends on multiarch-support
  multiarch-support is unpacked, but has never been configured.

dpkg: warning: ignoring pre-dependency problem!
Unpacking libselinux1:i386 (from .../libselinux1_2.1.9-5_i386.deb) ...
Selecting previously unselected package libsemanage-common.
Unpacking libsemanage-common (from .../libsemanage-common_2.1.6-6_all.deb) ...
Selecting previously unselected package libsemanage1:i386.
dpkg: regarding .../libsemanage1_2.1.6-6_i386.deb containing libsemanage1:i386, pre-dependency problem:
 libsemanage1 pre-depends on multiarch-support
  multiarch-support is unpacked, but has never been configured.

dpkg: warning: ignoring pre-dependency problem!
Unpacking libsemanage1:i386 (from .../libsemanage1_2.1.6-6_i386.deb) ...
Selecting previously unselected package libsepol1:i386.
dpkg: regarding .../libsepol1_2.1.4-3_i386.deb containing libsepol1:i386, pre-dependency problem:
 libsepol1 pre-depends on multiarch-support
  multiarch-support is unpacked, but has never been configured.

dpkg: warning: ignoring pre-dependency problem!
Unpacking libsepol1:i386 (from .../libsepol1_2.1.4-3_i386.deb) ...
Selecting previously unselected package libtext-charwidth-perl.
Unpacking libtext-charwidth-perl (from .../libtext-charwidth-perl_0.04-7+b1_i386.deb) ...
Selecting previously unselected package libtext-iconv-perl.
Unpacking libtext-iconv-perl (from .../libtext-iconv-perl_1.7-5_i386.deb) ...
Selecting previously unselected package libtext-wrapi18n-perl.
Unpacking libtext-wrapi18n-perl (from .../libtext-wrapi18n-perl_0.06-7_all.deb) ...
Selecting previously unselected package lsb-base.
Unpacking lsb-base (from .../lsb-base_4.1+Debian8+deb7u1_all.deb) ...
Preparing to replace mawk 1.3.3-17 (using .../mawk_1.3.3-17_i386.deb) ...
Unpacking replacement mawk ...
Selecting previously unselected package libncurses5:i386.
dpkg: regarding .../libncurses5_5.9-10_i386.deb containing libncurses5:i386, pre-dependency problem:
 libncurses5 pre-depends on multiarch-support
  multiarch-support is unpacked, but has never been configured.

dpkg: warning: ignoring pre-dependency problem!
dpkg: regarding .../libncurses5_5.9-10_i386.deb containing libncurses5:i386, pre-dependency problem:
 libncurses5 pre-depends on libtinfo5 (>= 5.9-3)

dpkg: warning: ignoring pre-dependency problem!
Unpacking libncurses5:i386 (from .../libncurses5_5.9-10_i386.deb) ...
Selecting previously unselected package libtinfo5:i386.
dpkg: regarding .../libtinfo5_5.9-10_i386.deb containing libtinfo5:i386, pre-dependency problem:
 libtinfo5 pre-depends on multiarch-support
  multiarch-support is unpacked, but has never been configured.

dpkg: warning: ignoring pre-dependency problem!
Unpacking libtinfo5:i386 (from .../libtinfo5_5.9-10_i386.deb) ...
Selecting previously unselected package ncurses-base.
Unpacking ncurses-base (from .../ncurses-base_5.9-10_all.deb) ...
Selecting previously unselected package ncurses-bin.
dpkg: regarding .../ncurses-bin_5.9-10_i386.deb containing ncurses-bin, pre-dependency problem:
 ncurses-bin pre-depends on libtinfo5 (>= 5.9-3~)
  libtinfo5:i386 is unpacked, but has never been configured.

dpkg: warning: ignoring pre-dependency problem!
Unpacking ncurses-bin (from .../ncurses-bin_5.9-10_i386.deb) ...
Selecting previously unselected package libpam-modules:i386.
dpkg: regarding .../libpam-modules_1.1.3-7.1_i386.deb containing libpam-modules:i386, pre-dependency problem:
 libpam-modules pre-depends on libdb5.1
  libdb5.1:i386 is unpacked, but has never been configured.

dpkg: warning: ignoring pre-dependency problem!
dpkg: regarding .../libpam-modules_1.1.3-7.1_i386.deb containing libpam-modules:i386, pre-dependency problem:
 libpam-modules pre-depends on libpam0g (>= 1.1.3-2)

dpkg: warning: ignoring pre-dependency problem!
dpkg: regarding .../libpam-modules_1.1.3-7.1_i386.deb containing libpam-modules:i386, pre-dependency problem:
 libpam-modules pre-depends on libselinux1 (>= 2.0.85)
  libselinux1:i386 is unpacked, but has never been configured.

dpkg: warning: ignoring pre-dependency problem!
dpkg: regarding .../libpam-modules_1.1.3-7.1_i386.deb containing libpam-modules:i386, pre-dependency problem:
 libpam-modules pre-depends on libpam-modules-bin (= 1.1.3-7.1)

dpkg: warning: ignoring pre-dependency problem!
Unpacking libpam-modules:i386 (from .../libpam-modules_1.1.3-7.1_i386.deb) ...
Selecting previously unselected package libpam-modules-bin.
Unpacking libpam-modules-bin (from .../libpam-modules-bin_1.1.3-7.1_i386.deb) ...
Selecting previously unselected package libpam-runtime.
Unpacking libpam-runtime (from .../libpam-runtime_1.1.3-7.1_all.deb) ...
Selecting previously unselected package libpam0g:i386.
dpkg: regarding .../libpam0g_1.1.3-7.1_i386.deb containing libpam0g:i386, pre-dependency problem:
 libpam0g pre-depends on multiarch-support
  multiarch-support is unpacked, but has never been configured.

dpkg: warning: ignoring pre-dependency problem!
Unpacking libpam0g:i386 (from .../libpam0g_1.1.3-7.1_i386.deb) ...
Preparing to replace perl-base 5.14.2-21+deb7u1 (using .../perl-base_5.14.2-21+deb7u1_i386.deb) ...
Unpacking replacement perl-base ...
Selecting previously unselected package sed.
dpkg: regarding .../archives/sed_4.2.1-10_i386.deb containing sed, pre-dependency problem:
 sed pre-depends on libselinux1 (>= 1.32)
  libselinux1:i386 is unpacked, but has never been configured.

dpkg: warning: ignoring pre-dependency problem!
Unpacking sed (from .../archives/sed_4.2.1-10_i386.deb) ...
Selecting previously unselected package sensible-utils.
Unpacking sensible-utils (from .../sensible-utils_0.0.7_all.deb) ...
Selecting previously unselected package login.
dpkg: regarding .../login_1%3a4.1.5.1-1_i386.deb containing login, pre-dependency problem:
 login pre-depends on libpam0g (>= 0.99.7.1)
  libpam0g:i386 is unpacked, but has never been configured.

dpkg: warning: ignoring pre-dependency problem!
dpkg: regarding .../login_1%3a4.1.5.1-1_i386.deb containing login, pre-dependency problem:
 login pre-depends on libpam-runtime
  libpam-runtime is unpacked, but has never been configured.

dpkg: warning: ignoring pre-dependency problem!
dpkg: regarding .../login_1%3a4.1.5.1-1_i386.deb containing login, pre-dependency problem:
 login pre-depends on libpam-modules
  libpam-modules:i386 is unpacked, but has never been configured.

dpkg: warning: ignoring pre-dependency problem!
Unpacking login (from .../login_1%3a4.1.5.1-1_i386.deb) ...
Selecting previously unselected package passwd.
Unpacking passwd (from .../passwd_1%3a4.1.5.1-1_i386.deb) ...
Selecting previously unselected package libslang2:i386.
dpkg: regarding .../libslang2_2.2.4-15_i386.deb containing libslang2:i386, pre-dependency problem:
 libslang2 pre-depends on multiarch-support
  multiarch-support is unpacked, but has never been configured.

dpkg: warning: ignoring pre-dependency problem!
Unpacking libslang2:i386 (from .../libslang2_2.2.4-15_i386.deb) ...
Selecting previously unselected package initscripts.
Unpacking initscripts (from .../initscripts_2.88dsf-41+deb7u1_i386.deb) ...
Selecting previously unselected package sysv-rc.
Unpacking sysv-rc (from .../sysv-rc_2.88dsf-41+deb7u1_all.deb) ...
Selecting previously unselected package sysvinit.
dpkg: regarding .../sysvinit_2.88dsf-41+deb7u1_i386.deb containing sysvinit, pre-dependency problem:
 sysvinit pre-depends on initscripts (>= 2.88dsf-13.3)
  initscripts is unpacked, but has never been configured.

dpkg: warning: ignoring pre-dependency problem!
dpkg: regarding .../sysvinit_2.88dsf-41+deb7u1_i386.deb containing sysvinit, pre-dependency problem:
 sysvinit pre-depends on sysv-rc | file-rc
  sysv-rc is unpacked, but has never been configured.
  file-rc is not installed.

dpkg: warning: ignoring pre-dependency problem!
dpkg: regarding .../sysvinit_2.88dsf-41+deb7u1_i386.deb containing sysvinit, pre-dependency problem:
 sysvinit pre-depends on sysvinit-utils (>= 2.86.ds1-66)

dpkg: warning: ignoring pre-dependency problem!
Unpacking sysvinit (from .../sysvinit_2.88dsf-41+deb7u1_i386.deb) ...
Selecting previously unselected package sysvinit-utils.
Unpacking sysvinit-utils (from .../sysvinit-utils_2.88dsf-41+deb7u1_i386.deb) ...
Selecting previously unselected package tar.
Unpacking tar (from .../tar_1.26+dfsg-0.1_i386.deb) ...
Selecting previously unselected package tzdata.
Unpacking tzdata (from .../tzdata_2014e-0wheezy1_all.deb) ...
Selecting previously unselected package libustr-1.0-1:i386.
dpkg: regarding .../libustr-1.0-1_1.0.4-3_i386.deb containing libustr-1.0-1:i386, pre-dependency problem:
 libustr-1.0-1 pre-depends on multiarch-support
  multiarch-support is unpacked, but has never been configured.

dpkg: warning: ignoring pre-dependency problem!
Unpacking libustr-1.0-1:i386 (from .../libustr-1.0-1_1.0.4-3_i386.deb) ...
Selecting previously unselected package bsdutils.
Unpacking bsdutils (from .../bsdutils_1%3a2.20.1-5.3_i386.deb) ...
Selecting previously unselected package libblkid1:i386.
dpkg: regarding .../libblkid1_2.20.1-5.3_i386.deb containing libblkid1:i386, pre-dependency problem:
 libblkid1 pre-depends on multiarch-support
  multiarch-support is unpacked, but has never been configured.

dpkg: warning: ignoring pre-dependency problem!
Unpacking libblkid1:i386 (from .../libblkid1_2.20.1-5.3_i386.deb) ...
Selecting previously unselected package libmount1.
dpkg: regarding .../libmount1_2.20.1-5.3_i386.deb containing libmount1, pre-dependency problem:
 libmount1 pre-depends on multiarch-support
  multiarch-support is unpacked, but has never been configured.

dpkg: warning: ignoring pre-dependency problem!
Unpacking libmount1 (from .../libmount1_2.20.1-5.3_i386.deb) ...
Selecting previously unselected package libuuid1:i386.
dpkg: regarding .../libuuid1_2.20.1-5.3_i386.deb containing libuuid1:i386, pre-dependency problem:
 libuuid1 pre-depends on multiarch-support
  multiarch-support is unpacked, but has never been configured.

dpkg: warning: ignoring pre-dependency problem!
Unpacking libuuid1:i386 (from .../libuuid1_2.20.1-5.3_i386.deb) ...
Selecting previously unselected package mount.
dpkg: regarding .../mount_2.20.1-5.3_i386.deb containing mount, pre-dependency problem:
 mount pre-depends on libblkid1 (>= 2.20.1)
  libblkid1:i386 is unpacked, but has never been configured.

dpkg: warning: ignoring pre-dependency problem!
dpkg: regarding .../mount_2.20.1-5.3_i386.deb containing mount, pre-dependency problem:
 mount pre-depends on libmount1 (>= 2.20.1)
  libmount1 is unpacked, but has never been configured.

dpkg: warning: ignoring pre-dependency problem!
dpkg: regarding .../mount_2.20.1-5.3_i386.deb containing mount, pre-dependency problem:
 mount pre-depends on libselinux1 (>= 2.0.15)
  libselinux1:i386 is unpacked, but has never been configured.

dpkg: warning: ignoring pre-dependency problem!
dpkg: regarding .../mount_2.20.1-5.3_i386.deb containing mount, pre-dependency problem:
 mount pre-depends on libsepol1 (>= 1.14)
  libsepol1:i386 is unpacked, but has never been configured.

dpkg: warning: ignoring pre-dependency problem!
Unpacking mount (from .../mount_2.20.1-5.3_i386.deb) ...
Selecting previously unselected package util-linux.
dpkg: regarding .../util-linux_2.20.1-5.3_i386.deb containing util-linux, pre-dependency problem:
 util-linux pre-depends on libblkid1 (>= 2.20.1)
  libblkid1:i386 is unpacked, but has never been configured.

dpkg: warning: ignoring pre-dependency problem!
dpkg: regarding .../util-linux_2.20.1-5.3_i386.deb containing util-linux, pre-dependency problem:
 util-linux pre-depends on libncurses5 (>= 5.5-5~)
  libncurses5:i386 is unpacked, but has never been configured.

dpkg: warning: ignoring pre-dependency problem!
dpkg: regarding .../util-linux_2.20.1-5.3_i386.deb containing util-linux, pre-dependency problem:
 util-linux pre-depends on libselinux1 (>= 1.32)
  libselinux1:i386 is unpacked, but has never been configured.

dpkg: warning: ignoring pre-dependency problem!
dpkg: regarding .../util-linux_2.20.1-5.3_i386.deb containing util-linux, pre-dependency problem:
 util-linux pre-depends on libslang2 (>= 2.2.4)
  libslang2:i386 is unpacked, but has never been configured.

dpkg: warning: ignoring pre-dependency problem!
dpkg: regarding .../util-linux_2.20.1-5.3_i386.deb containing util-linux, pre-dependency problem:
 util-linux pre-depends on libtinfo5
  libtinfo5:i386 is unpacked, but has never been configured.

dpkg: warning: ignoring pre-dependency problem!
dpkg: regarding .../util-linux_2.20.1-5.3_i386.deb containing util-linux, pre-dependency problem:
 util-linux pre-depends on libuuid1 (>= 2.16)
  libuuid1:i386 is unpacked, but has never been configured.

dpkg: warning: ignoring pre-dependency problem!
dpkg: regarding .../util-linux_2.20.1-5.3_i386.deb containing util-linux, pre-dependency problem:
 util-linux pre-depends on zlib1g (>= 1:1.1.4)

dpkg: warning: ignoring pre-dependency problem!
Unpacking util-linux (from .../util-linux_2.20.1-5.3_i386.deb) ...
Selecting previously unselected package liblzma5:i386.
dpkg: regarding .../liblzma5_5.1.1alpha+20120614-2_i386.deb containing liblzma5:i386, pre-dependency problem:
 liblzma5 pre-depends on multiarch-support
  multiarch-support is unpacked, but has never been configured.

dpkg: warning: ignoring pre-dependency problem!
Unpacking liblzma5:i386 (from .../liblzma5_5.1.1alpha+20120614-2_i386.deb) ...
Selecting previously unselected package xz-utils.
Unpacking xz-utils (from .../xz-utils_5.1.1alpha+20120614-2_i386.deb) ...
Selecting previously unselected package zlib1g:i386.
dpkg: regarding .../zlib1g_1%3a1.2.7.dfsg-13_i386.deb containing zlib1g:i386, pre-dependency problem:
 zlib1g pre-depends on multiarch-support
  multiarch-support is unpacked, but has never been configured.

dpkg: warning: ignoring pre-dependency problem!
Unpacking zlib1g:i386 (from .../zlib1g_1%3a1.2.7.dfsg-13_i386.deb) ...
Setting up lsb-base (4.1+Debian8+deb7u1) ...
Setting up ncurses-base (5.9-10) ...
Setting up sensible-utils (0.0.7) ...
Setting up libsemanage-common (2.1.6-6) ...
Setting up gcc-4.7-base:i386 (4.7.2-5) ...
Setting up libc-bin (2.13-38+deb7u2) ...
Setting up libc6:i386 (2.13-38+deb7u2) ...
Setting up debianutils (4.3.2) ...
Setting up bsdutils (1:2.20.1-5.3) ...
Setting up tar (1.26+dfsg-0.1) ...
update-alternatives: using /usr/sbin/rmt-tar to provide /usr/sbin/rmt (rmt) in auto mode
Setting up base-passwd (3.5.26) ...
Setting up mawk (1.3.3-17) ...
Setting up hostname (3.11) ...
Setting up insserv (1.14.0-5) ...
Setting up multiarch-support (2.13-38+deb7u2) ...
Setting up libselinux1:i386 (2.1.9-5) ...
Setting up libustr-1.0-1:i386 (1.0.4-3) ...
Setting up libsepol1:i386 (2.1.4-3) ...
Setting up zlib1g:i386 (1:1.2.7.dfsg-13) ...
Setting up libgcc1:i386 (1:4.7.2-5) ...
Setting up base-files (7.1wheezy6) ...
Setting up libattr1:i386 (1:2.4.46-8) ...
Setting up e2fslibs:i386 (1.42.5-1.1) ...
Setting up libcomerr2:i386 (1.42.5-1.1) ...
Setting up libacl1:i386 (2.2.51-8) ...
Setting up libslang2:i386 (2.2.4-15) ...
Setting up libss2:i386 (1.42.5-1.1) ...
Setting up liblzma5:i386 (5.1.1alpha+20120614-2) ...
Setting up libdb5.1:i386 (5.1.29-5) ...
Setting up libbz2-1.0:i386 (1.0.6-4) ...
Setting up libtinfo5:i386 (5.9-10) ...
Setting up sysvinit-utils (2.88dsf-41+deb7u1) ...
Setting up ncurses-bin (5.9-10) ...
Setting up libsemanage1:i386 (2.1.6-6) ...
Setting up libncurses5:i386 (5.9-10) ...
Setting up xz-utils (5.1.1alpha+20120614-2) ...
update-alternatives: using /usr/bin/xz to provide /usr/bin/lzma (lzma) in auto mode
Setting up dpkg (1.16.15) ...
Setting up dash (0.5.7-3) ...
Setting up coreutils (8.13-3.5) ...
Setting up perl-base (5.14.2-21+deb7u1) ...
Setting up diffutils (1:3.2-6) ...
Setting up libtext-iconv-perl (1.7-5) ...
Setting up sed (4.2.1-10) ...
Setting up grep (2.12-2) ...
Setting up findutils (4.4.2-4) ...
Setting up gzip (1.5-1.1) ...
Setting up liblocale-gettext-perl (1.05-7+b1) ...
Setting up bash (4.2+dfsg-0.1) ...
update-alternatives: using /usr/share/man/man7/bash-builtins.7.gz to provide /usr/share/man/man7/builtins.7.gz (builtins.7.gz) in auto mode
Setting up libtext-charwidth-perl (0.04-7+b1) ...
Setting up libtext-wrapi18n-perl (0.06-7) ...
Setting up debconf (1.5.49) ...
Setting up libpam0g:i386 (1.1.3-7.1) ...
Setting up sysv-rc (2.88dsf-41+deb7u1) ...
Setting up tzdata (2014e-0wheezy1) ...

Current default time zone: 'Etc/UTC'
Local time is now:      Tue Oct 14 13:47:21 UTC 2014.
Universal Time is now:  Tue Oct 14 13:47:21 UTC 2014.
Run 'dpkg-reconfigure tzdata' if you wish to change it.

Setting up debconf-i18n (1.5.49) ...
Setting up libpam-modules-bin (1.1.3-7.1) ...
Setting up libpam-modules:i386 (1.1.3-7.1) ...
Setting up passwd (1:4.1.5.1-1) ...
Shadow passwords are now on.
Setting up libpam-runtime (1.1.3-7.1) ...
Setting up login (1:4.1.5.1-1) ...
Setting up libuuid1:i386 (2.20.1-5.3) ...
Setting up libblkid1:i386 (2.20.1-5.3) ...
Setting up libmount1 (2.20.1-5.3) ...
Setting up mount (2.20.1-5.3) ...
Setting up initscripts (2.88dsf-41+deb7u1) ...
guest environment detected: Linking /dev/shm to /run/shm
invoke-rc.d: policy-rc.d denied execution of start.
Setting up util-linux (2.20.1-5.3) ...
update-alternatives: using /bin/more to provide /usr/bin/pager (pager) in auto mode
Setting up sysvinit (2.88dsf-41+deb7u1) ...
Not restarting sysvinit
Setting up e2fsprogs (1.42.5-1.1) ...
(Reading database ... 6260 files and directories currently installed.)
Unpacking adduser (from .../adduser_3.113+nmu3_all.deb) ...
Unpacking apt (from .../apt_0.9.7.9+deb7u2_i386.deb) ...
Unpacking apt-utils (from .../apt-utils_0.9.7.9+deb7u2_i386.deb) ...
Unpacking libapt-inst1.5:i386 (from .../libapt-inst1.5_0.9.7.9+deb7u2_i386.deb) ...
Unpacking libapt-pkg4.12:i386 (from .../libapt-pkg4.12_0.9.7.9+deb7u2_i386.deb) ...
Unpacking aptitude (from .../aptitude_0.6.8.2-1_i386.deb) ...
Unpacking aptitude-common (from .../aptitude-common_0.6.8.2-1_all.deb) ...
Unpacking libboost-iostreams1.49.0 (from .../libboost-iostreams1.49.0_1.49.0-3.2_i386.deb) ...
Unpacking bsdmainutils (from .../bsdmainutils_9.0.3_i386.deb) ...
Unpacking cpio (from .../cpio_2.11+dfsg-0.1_i386.deb) ...
Unpacking cron (from .../cron_3.0pl1-124_i386.deb) ...
Unpacking libcwidget3 (from .../libcwidget3_0.5.16-3.4_i386.deb) ...
Unpacking debian-archive-keyring (from .../debian-archive-keyring_2012.4_all.deb) ...
Unpacking dmidecode (from .../dmidecode_2.11-9_i386.deb) ...
Unpacking libstdc++6:i386 (from .../libstdc++6_4.7.2-5_i386.deb) ...
Unpacking libgdbm3:i386 (from .../libgdbm3_1.8.3-11_i386.deb) ...
Unpacking gnupg (from .../gnupg_1.4.12-7+deb7u4_i386.deb) ...
Unpacking gpgv (from .../gpgv_1.4.12-7+deb7u4_i386.deb) ...
Unpacking libgnutls26:i386 (from .../libgnutls26_2.12.20-8+deb7u2_i386.deb) ...
Unpacking groff-base (from .../groff-base_1.21-9_i386.deb) ...
Unpacking ifupdown (from .../ifupdown_0.7.8_i386.deb) ...
Unpacking iproute (from .../iproute_20120521-3+b3_i386.deb) ...
Unpacking iptables (from .../iptables_1.4.14-3.1_i386.deb) ...
Unpacking iputils-ping (from .../iputils-ping_3%3a20101006-1+b1_i386.deb) ...
Unpacking isc-dhcp-client (from .../isc-dhcp-client_4.2.2.dfsg.1-5+deb70u6_i386.deb) ...
Unpacking isc-dhcp-common (from .../isc-dhcp-common_4.2.2.dfsg.1-5+deb70u6_i386.deb) ...
Unpacking kmod (from .../apt/archives/kmod_9-3_i386.deb) ...
Unpacking libkmod2:i386 (from .../archives/libkmod2_9-3_i386.deb) ...
Unpacking libept1.4.12 (from .../libept1.4.12_1.0.9_i386.deb) ...
Unpacking libgcrypt11:i386 (from .../libgcrypt11_1.5.0-5+deb7u1_i386.deb) ...
Unpacking libgpg-error0:i386 (from .../libgpg-error0_1.10-3.1_i386.deb) ...
Unpacking libidn11:i386 (from .../libidn11_1.25-2_i386.deb) ...
Unpacking libnfnetlink0 (from .../libnfnetlink0_1.0.0-1.1_i386.deb) ...
Unpacking libpipeline1:i386 (from .../libpipeline1_1.2.1-1_i386.deb) ...
Unpacking libsigc++-2.0-0c2a:i386 (from .../libsigc++-2.0-0c2a_2.2.10-0.2_i386.deb) ...
Unpacking libtasn1-3:i386 (from .../libtasn1-3_2.13-2_i386.deb) ...
Unpacking libusb-0.1-4:i386 (from .../libusb-0.1-4_2%3a0.1.12-20+nmu1_i386.deb) ...
Unpacking logrotate (from .../logrotate_3.8.1-4_i386.deb) ...
Unpacking man-db (from .../man-db_2.6.2-1_i386.deb) ...
Unpacking manpages (from .../manpages_3.44-1_all.deb) ...
Unpacking nano (from .../nano_2.2.6-1+b1_i386.deb) ...
Unpacking libncursesw5:i386 (from .../libncursesw5_5.9-10_i386.deb) ...
Unpacking net-tools (from .../net-tools_1.60-24.2_i386.deb) ...
Unpacking netbase (from .../archives/netbase_5.0_all.deb) ...
Unpacking netcat-traditional (from .../netcat-traditional_1.10-40_i386.deb) ...
Unpacking libnewt0.52 (from .../libnewt0.52_0.52.14-11.1_i386.deb) ...
Unpacking whiptail (from .../whiptail_0.52.14-11.1_i386.deb) ...
Unpacking libssl1.0.0:i386 (from .../libssl1.0.0_1.0.1e-2+deb7u11_i386.deb) ...
Unpacking libp11-kit0:i386 (from .../libp11-kit0_0.12-3_i386.deb) ...
Unpacking libpopt0:i386 (from .../libpopt0_1.16-7_i386.deb) ...
Unpacking libprocps0:i386 (from .../libprocps0_1%3a3.3.3-3_i386.deb) ...
Unpacking procps (from .../procps_1%3a3.3.3-3_i386.deb) ...
Unpacking libreadline6:i386 (from .../libreadline6_6.2+dfsg-0.1_i386.deb) ...
Unpacking readline-common (from .../readline-common_6.2+dfsg-0.1_all.deb) ...
Unpacking rsyslog (from .../rsyslog_5.8.11-3_i386.deb) ...
Unpacking libsqlite3-0:i386 (from .../libsqlite3-0_3.7.13-1+deb7u1_i386.deb) ...
Unpacking tasksel (from .../tasksel_3.14.1_all.deb) ...
Unpacking tasksel-data (from .../tasksel-data_3.14.1_all.deb) ...
Unpacking info (from .../info_4.13a.dfsg.1-10_i386.deb) ...
Unpacking install-info (from .../install-info_4.13a.dfsg.1-10_i386.deb) ...
Unpacking traceroute (from .../traceroute_1%3a2.0.18-3_i386.deb) ...
Unpacking libudev0:i386 (from .../libudev0_175-7.2_i386.deb) ...
Unpacking udev (from .../archives/udev_175-7.2_i386.deb) ...
Unpacking vim-common (from .../vim-common_2%3a7.3.547-7_i386.deb) ...
Unpacking vim-tiny (from .../vim-tiny_2%3a7.3.547-7_i386.deb) ...
Unpacking wget (from .../wget_1.13.4-3+deb7u1_i386.deb) ...
Unpacking libxapian22 (from .../libxapian22_1.2.12-2_i386.deb) ...
Setting up gpgv (1.4.12-7+deb7u4) ...
Setting up libssl1.0.0:i386 (1.0.1e-2+deb7u11) ...
Setting up libgdbm3:i386 (1.8.3-11) ...
Setting up isc-dhcp-common (4.2.2.dfsg.1-5+deb70u6) ...
Setting up libtasn1-3:i386 (2.13-2) ...
Setting up libpopt0:i386 (1.16-7) ...
Setting up libusb-0.1-4:i386 (2:0.1.12-20+nmu1) ...
Setting up libgpg-error0:i386 (1.10-3.1) ...
Setting up install-info (4.13a.dfsg.1-10) ...
Setting up vim-common (2:7.3.547-7) ...
Setting up libprocps0:i386 (1:3.3.3-3) ...
Setting up netbase (5.0) ...
Setting up dmidecode (2.11-9) ...
Setting up libudev0:i386 (175-7.2) ...
Setting up libkmod2:i386 (9-3) ...
Setting up adduser (3.113+nmu3) ...
Setting up traceroute (1:2.0.18-3) ...
update-alternatives: using /usr/bin/traceroute.db to provide /usr/bin/traceroute (traceroute) in auto mode
update-alternatives: using /usr/bin/traceroute6.db to provide /usr/bin/traceroute6 (traceroute6) in auto mode
update-alternatives: using /usr/bin/lft.db to provide /usr/bin/lft (lft) in auto mode
update-alternatives: using /usr/bin/traceproto.db to provide /usr/bin/traceproto (traceproto) in auto mode
update-alternatives: using /usr/sbin/tcptraceroute.db to provide /usr/sbin/tcptraceroute (tcptraceroute) in auto mode
Setting up manpages (3.44-1) ...
Setting up libsqlite3-0:i386 (3.7.13-1+deb7u1) ...
Setting up iproute (20120521-3+b3) ...
Setting up libidn11:i386 (1.25-2) ...
Setting up libnewt0.52 (0.52.14-11.1) ...
Setting up net-tools (1.60-24.2) ...
Setting up libpipeline1:i386 (1.2.1-1) ...
Setting up bsdmainutils (9.0.3) ...
update-alternatives: using /usr/bin/bsd-write to provide /usr/bin/write (write) in auto mode
update-alternatives: using /usr/bin/bsd-from to provide /usr/bin/from (from) in auto mode
Setting up netcat-traditional (1.10-40) ...
update-alternatives: using /bin/nc.traditional to provide /bin/nc (nc) in auto mode
Setting up debian-archive-keyring (2012.4) ...
Setting up libncursesw5:i386 (5.9-10) ...
Setting up info (4.13a.dfsg.1-10) ...
update-alternatives: using /usr/bin/info to provide /usr/bin/infobrowser (infobrowser) in auto mode
Setting up iputils-ping (3:20101006-1+b1) ...
Setting up aptitude-common (0.6.8.2-1) ...
Setting up cron (3.0pl1-124) ...
Adding group `crontab' (GID 102) ...
Done.
invoke-rc.d: policy-rc.d denied execution of start.
Setting up nano (2.2.6-1+b1) ...
update-alternatives: using /bin/nano to provide /usr/bin/editor (editor) in auto mode
update-alternatives: using /bin/nano to provide /usr/bin/pico (pico) in auto mode
Setting up libp11-kit0:i386 (0.12-3) ...
Setting up rsyslog (5.8.11-3) ...
invoke-rc.d: policy-rc.d denied execution of start.
Setting up cpio (2.11+dfsg-0.1) ...
update-alternatives: using /bin/mt-gnu to provide /bin/mt (mt) in auto mode
Setting up libstdc++6:i386 (4.7.2-5) ...
Setting up isc-dhcp-client (4.2.2.dfsg.1-5+deb70u6) ...
Setting up vim-tiny (2:7.3.547-7) ...
update-alternatives: using /usr/bin/vim.tiny to provide /usr/bin/rview (rview) in auto mode
update-alternatives: using /usr/bin/vim.tiny to provide /usr/bin/vi (vi) in auto mode
update-alternatives: using /usr/bin/vim.tiny to provide /usr/bin/view (view) in auto mode
update-alternatives: using /usr/bin/vim.tiny to provide /usr/bin/ex (ex) in auto mode
Setting up readline-common (6.2+dfsg-0.1) ...
Setting up libnfnetlink0 (1.0.0-1.1) ...
Setting up libgcrypt11:i386 (1.5.0-5+deb7u1) ...
Setting up procps (1:3.3.3-3) ...
update-alternatives: using /usr/bin/w.procps to provide /usr/bin/w (w) in auto mode
invoke-rc.d: policy-rc.d denied execution of start.
Setting up libxapian22 (1.2.12-2) ...
Setting up whiptail (0.52.14-11.1) ...
Setting up ifupdown (0.7.8) ...
Creating /etc/network/interfaces.
Setting up kmod (9-3) ...
Setting up libapt-pkg4.12:i386 (0.9.7.9+deb7u2) ...
Setting up libept1.4.12 (1.0.9) ...
Setting up libapt-inst1.5:i386 (0.9.7.9+deb7u2) ...
Setting up libreadline6:i386 (6.2+dfsg-0.1) ...
Setting up logrotate (3.8.1-4) ...
Setting up libboost-iostreams1.49.0 (1.49.0-3.2) ...
Setting up groff-base (1.21-9) ...
Setting up gnupg (1.4.12-7+deb7u4) ...
Setting up libsigc++-2.0-0c2a:i386 (2.2.10-0.2) ...
Setting up libgnutls26:i386 (2.12.20-8+deb7u2) ...
Setting up apt-utils (0.9.7.9+deb7u2) ...
Setting up udev (175-7.2) ...
A chroot environment has been detected, udev not started.
Setting up iptables (1.4.14-3.1) ...
Setting up man-db (2.6.2-1) ...
Building database of manual pages ...
Setting up apt (0.9.7.9+deb7u2) ...
gpg: keyring `/etc/apt/trusted.gpg' created
gpg: key B98321F9: "Squeeze Stable Release Key <debian-release@lists.debian.org>" not changed
gpg: key 473041FA: "Debian Archive Automatic Signing Key (6.0/squeeze) <ftpmaster@debian.org>" not changed
gpg: key 65FFB764: "Wheezy Stable Release Key <debian-release@lists.debian.org>" not changed
gpg: key 46925553: "Debian Archive Automatic Signing Key (7.0/wheezy) <ftpmaster@debian.org>" not changed
gpg: Total number processed: 4
gpg:              unchanged: 4
gpg: /etc/apt//trustdb.gpg: trustdb created
Setting up wget (1.13.4-3+deb7u1) ...
Setting up libcwidget3 (0.5.16-3.4) ...
Setting up aptitude (0.6.8.2-1) ...
update-alternatives: using /usr/bin/aptitude-curses to provide /usr/bin/aptitude (aptitude) in auto mode
Setting up tasksel (3.14.1) ...
Setting up tasksel-data (3.14.1) ...
