This file contains any messages produced by compilers while
running configure, to aid debugging if configure makes a mistake.

It was created by swig configure 3.0.5, which was
generated by GNU Autoconf 2.69.  Invocation command line was

  $ ./configure 

## --------- ##
## Platform. ##
## --------- ##

hostname = ubilinux
uname -m = i686
uname -r = 3.10.17-yocto-standard-r2
uname -s = Linux
uname -v = #17 SMP PREEMPT Thu Feb 19 10:55:52 GMT 2015

/usr/bin/uname -p = unknown
/bin/uname -X     = unknown

/bin/arch              = unknown
/usr/bin/arch -k       = unknown
/usr/convex/getsysinfo = unknown
/usr/bin/hostinfo      = unknown
/bin/machine           = unknown
/usr/bin/oslevel       = unknown
/bin/universe          = unknown

PATH: /usr/local/sbin
PATH: /usr/local/bin
PATH: /usr/sbin
PATH: /usr/bin
PATH: /sbin
PATH: /bin


## ----------- ##
## Core tests. ##
## ----------- ##

configure:2867: checking build system type
configure:2881: result: i686-pc-linux-gnu
configure:2901: checking host system type
configure:2914: result: i686-pc-linux-gnu
configure:2950: checking for a BSD-compatible install
configure:3018: result: /usr/bin/install -c
configure:3029: checking whether build environment is sane
configure:3084: result: yes
configure:3235: checking for a thread-safe mkdir -p
configure:3274: result: /bin/mkdir -p
configure:3281: checking for gawk
configure:3311: result: no
configure:3281: checking for mawk
configure:3297: found /usr/bin/mawk
configure:3308: result: mawk
configure:3319: checking whether make sets $(MAKE)
configure:3341: result: yes
configure:3370: checking whether make supports nested variables
configure:3387: result: yes
configure:3563: checking for gcc
configure:3579: found /usr/bin/gcc
configure:3590: result: gcc
configure:3819: checking for C compiler version
configure:3828: gcc --version >&5
gcc (Debian 4.7.2-5) 4.7.2
Copyright (C) 2012 Free Software Foundation, Inc.
This is free software; see the source for copying conditions.  There is NO
warranty; not even for MERCHANTABILITY or FITNESS FOR A PARTICULAR PURPOSE.

configure:3839: $? = 0
configure:3828: gcc -v >&5
Using built-in specs.
COLLECT_GCC=gcc
COLLECT_LTO_WRAPPER=/usr/lib/gcc/i486-linux-gnu/4.7/lto-wrapper
Target: i486-linux-gnu
Configured with: ../src/configure -v --with-pkgversion='Debian 4.7.2-5' --with-bugurl=file:///usr/share/doc/gcc-4.7/README.Bugs --enable-languages=c,c++,go,fortran,objc,obj-c++ --prefix=/usr --program-suffix=-4.7 --enable-shared --enable-linker-build-id --with-system-zlib --libexecdir=/usr/lib --without-included-gettext --enable-threads=posix --with-gxx-include-dir=/usr/include/c++/4.7 --libdir=/usr/lib --enable-nls --with-sysroot=/ --enable-clocale=gnu --enable-libstdcxx-debug --enable-libstdcxx-time=yes --enable-gnu-unique-object --enable-plugin --enable-objc-gc --enable-targets=all --with-arch-32=i586 --with-tune=generic --enable-checking=release --build=i486-linux-gnu --host=i486-linux-gnu --target=i486-linux-gnu
Thread model: posix
gcc version 4.7.2 (Debian 4.7.2-5) 
configure:3839: $? = 0
configure:3828: gcc -V >&5
gcc: error: unrecognized command line option '-V'
gcc: fatal error: no input files
compilation terminated.
configure:3839: $? = 4
configure:3828: gcc -qversion >&5
gcc: error: unrecognized command line option '-qversion'
gcc: fatal error: no input files
compilation terminated.
configure:3839: $? = 4
configure:3859: checking whether the C compiler works
configure:3881: gcc    conftest.c  >&5
configure:3885: $? = 0
configure:3933: result: yes
configure:3936: checking for C compiler default output file name
configure:3938: result: a.out
configure:3944: checking for suffix of executables
configure:3951: gcc -o conftest    conftest.c  >&5
configure:3955: $? = 0
configure:3977: result: 
configure:3999: checking whether we are cross compiling
configure:4007: gcc -o conftest    conftest.c  >&5
configure:4011: $? = 0
configure:4018: ./conftest
configure:4022: $? = 0
configure:4037: result: no
configure:4042: checking for suffix of object files
configure:4064: gcc -c   conftest.c >&5
configure:4068: $? = 0
configure:4089: result: o
configure:4093: checking whether we are using the GNU C compiler
configure:4112: gcc -c   conftest.c >&5
configure:4112: $? = 0
configure:4121: result: yes
configure:4130: checking whether gcc accepts -g
configure:4150: gcc -c -g  conftest.c >&5
configure:4150: $? = 0
configure:4191: result: yes
configure:4208: checking for gcc option to accept ISO C89
configure:4271: gcc  -c -g -O2  conftest.c >&5
configure:4271: $? = 0
configure:4284: result: none needed
configure:4309: checking whether gcc understands -c and -o together
configure:4331: gcc -c conftest.c -o conftest2.o
configure:4334: $? = 0
configure:4331: gcc -c conftest.c -o conftest2.o
configure:4334: $? = 0
configure:4346: result: yes
configure:4374: checking for style of include used by make
configure:4402: result: GNU
configure:4428: checking dependency style of gcc
configure:4539: result: gcc3
configure:4612: checking for g++
configure:4628: found /usr/bin/g++
configure:4639: result: g++
configure:4666: checking for C++ compiler version
configure:4675: g++ --version >&5
g++ (Debian 4.7.2-5) 4.7.2
Copyright (C) 2012 Free Software Foundation, Inc.
This is free software; see the source for copying conditions.  There is NO
warranty; not even for MERCHANTABILITY or FITNESS FOR A PARTICULAR PURPOSE.

configure:4686: $? = 0
configure:4675: g++ -v >&5
Using built-in specs.
COLLECT_GCC=g++
COLLECT_LTO_WRAPPER=/usr/lib/gcc/i486-linux-gnu/4.7/lto-wrapper
Target: i486-linux-gnu
Configured with: ../src/configure -v --with-pkgversion='Debian 4.7.2-5' --with-bugurl=file:///usr/share/doc/gcc-4.7/README.Bugs --enable-languages=c,c++,go,fortran,objc,obj-c++ --prefix=/usr --program-suffix=-4.7 --enable-shared --enable-linker-build-id --with-system-zlib --libexecdir=/usr/lib --without-included-gettext --enable-threads=posix --with-gxx-include-dir=/usr/include/c++/4.7 --libdir=/usr/lib --enable-nls --with-sysroot=/ --enable-clocale=gnu --enable-libstdcxx-debug --enable-libstdcxx-time=yes --enable-gnu-unique-object --enable-plugin --enable-objc-gc --enable-targets=all --with-arch-32=i586 --with-tune=generic --enable-checking=release --build=i486-linux-gnu --host=i486-linux-gnu --target=i486-linux-gnu
Thread model: posix
gcc version 4.7.2 (Debian 4.7.2-5) 
configure:4686: $? = 0
configure:4675: g++ -V >&5
g++: error: unrecognized command line option '-V'
g++: fatal error: no input files
compilation terminated.
configure:4686: $? = 4
configure:4675: g++ -qversion >&5
g++: error: unrecognized command line option '-qversion'
g++: fatal error: no input files
compilation terminated.
configure:4686: $? = 4
configure:4690: checking whether we are using the GNU C++ compiler
configure:4709: g++ -c   conftest.cpp >&5
configure:4709: $? = 0
configure:4718: result: yes
configure:4727: checking whether g++ accepts -g
configure:4747: g++ -c -g  conftest.cpp >&5
configure:4747: $? = 0
configure:4788: result: yes
configure:4813: checking dependency style of g++
configure:4924: result: gcc3
configure:4944: checking maximum warning verbosity option
configure:4982: result: -Wall -W -ansi -pedantic for C++ -Wall -W -ansi -pedantic for C
configure:5005: checking how to run the C preprocessor
configure:5036: gcc -E  conftest.c
configure:5036: $? = 0
configure:5050: gcc -E  conftest.c
conftest.c:13:28: fatal error: ac_nonexistent.h: No such file or directory
compilation terminated.
configure:5050: $? = 1
configure: failed program was:
| /* confdefs.h */
| #define PACKAGE_NAME "swig"
| #define PACKAGE_TARNAME "swig"
| #define PACKAGE_VERSION "3.0.5"
| #define PACKAGE_STRING "swig 3.0.5"
| #define PACKAGE_BUGREPORT "http://www.swig.org"
| #define PACKAGE_URL ""
| #define PACKAGE "swig"
| #define VERSION "3.0.5"
| #define SWIG_CXX "g++"
| #define SWIG_PLATFORM "i686-pc-linux-gnu"
| /* end confdefs.h.  */
| #include <ac_nonexistent.h>
configure:5075: result: gcc -E
configure:5095: gcc -E  conftest.c
configure:5095: $? = 0
configure:5109: gcc -E  conftest.c
conftest.c:13:28: fatal error: ac_nonexistent.h: No such file or directory
compilation terminated.
configure:5109: $? = 1
configure: failed program was:
| /* confdefs.h */
| #define PACKAGE_NAME "swig"
| #define PACKAGE_TARNAME "swig"
| #define PACKAGE_VERSION "3.0.5"
| #define PACKAGE_STRING "swig 3.0.5"
| #define PACKAGE_BUGREPORT "http://www.swig.org"
| #define PACKAGE_URL ""
| #define PACKAGE "swig"
| #define VERSION "3.0.5"
| #define SWIG_CXX "g++"
| #define SWIG_PLATFORM "i686-pc-linux-gnu"
| /* end confdefs.h.  */
| #include <ac_nonexistent.h>
configure:5138: checking for grep that handles long lines and -e
configure:5196: result: /bin/grep
configure:5201: checking for egrep
configure:5263: result: /bin/grep -E
configure:5268: checking for ANSI C header files
configure:5288: gcc -c -g -O2 -Wall -W -ansi -pedantic  conftest.c >&5
configure:5288: $? = 0
configure:5361: gcc -o conftest -g -O2 -Wall -W -ansi -pedantic   conftest.c  >&5
configure:5361: $? = 0
configure:5361: ./conftest
configure:5361: $? = 0
configure:5372: result: yes
configure:5393: checking for sys/types.h
configure:5393: g++ -c -g -O2 -Wall -W -ansi -pedantic  conftest.cpp >&5
configure:5393: $? = 0
configure:5393: result: yes
configure:5393: checking for sys/stat.h
configure:5393: g++ -c -g -O2 -Wall -W -ansi -pedantic  conftest.cpp >&5
configure:5393: $? = 0
configure:5393: result: yes
configure:5393: checking for stdlib.h
configure:5393: g++ -c -g -O2 -Wall -W -ansi -pedantic  conftest.cpp >&5
configure:5393: $? = 0
configure:5393: result: yes
configure:5393: checking for string.h
configure:5393: g++ -c -g -O2 -Wall -W -ansi -pedantic  conftest.cpp >&5
configure:5393: $? = 0
configure:5393: result: yes
configure:5393: checking for memory.h
configure:5393: g++ -c -g -O2 -Wall -W -ansi -pedantic  conftest.cpp >&5
configure:5393: $? = 0
configure:5393: result: yes
configure:5393: checking for strings.h
configure:5393: g++ -c -g -O2 -Wall -W -ansi -pedantic  conftest.cpp >&5
configure:5393: $? = 0
configure:5393: result: yes
configure:5393: checking for inttypes.h
configure:5393: g++ -c -g -O2 -Wall -W -ansi -pedantic  conftest.cpp >&5
configure:5393: $? = 0
configure:5393: result: yes
configure:5393: checking for stdint.h
configure:5393: g++ -c -g -O2 -Wall -W -ansi -pedantic  conftest.cpp >&5
configure:5393: $? = 0
configure:5393: result: yes
configure:5393: checking for unistd.h
configure:5393: g++ -c -g -O2 -Wall -W -ansi -pedantic  conftest.cpp >&5
configure:5393: $? = 0
configure:5393: result: yes
configure:5405: checking for bool
configure:5405: g++ -c -g -O2 -Wall -W -ansi -pedantic  conftest.cpp >&5
configure:5405: $? = 0
configure:5405: g++ -c -g -O2 -Wall -W -ansi -pedantic  conftest.cpp >&5
conftest.cpp: In function 'int main()':
conftest.cpp:59:14: error: expected primary-expression before 'bool'
conftest.cpp:59:14: error: expected ')' before 'bool'
conftest.cpp:60:14: error: expected ')' before ';' token
conftest.cpp:60:14: error: expected ')' before ';' token
conftest.cpp:60:14: warning: suggest braces around empty body in an 'if' statement [-Wempty-body]
configure:5405: $? = 1
configure: failed program was:
| /* confdefs.h */
| #define PACKAGE_NAME "swig"
| #define PACKAGE_TARNAME "swig"
| #define PACKAGE_VERSION "3.0.5"
| #define PACKAGE_STRING "swig 3.0.5"
| #define PACKAGE_BUGREPORT "http://www.swig.org"
| #define PACKAGE_URL ""
| #define PACKAGE "swig"
| #define VERSION "3.0.5"
| #define SWIG_CXX "g++"
| #define SWIG_PLATFORM "i686-pc-linux-gnu"
| #define STDC_HEADERS 1
| #define HAVE_SYS_TYPES_H 1
| #define HAVE_SYS_STAT_H 1
| #define HAVE_STDLIB_H 1
| #define HAVE_STRING_H 1
| #define HAVE_MEMORY_H 1
| #define HAVE_STRINGS_H 1
| #define HAVE_INTTYPES_H 1
| #define HAVE_STDINT_H 1
| #define HAVE_UNISTD_H 1
| /* end confdefs.h.  */
| #include <stdio.h>
| #ifdef HAVE_SYS_TYPES_H
| # include <sys/types.h>
| #endif
| #ifdef HAVE_SYS_STAT_H
| # include <sys/stat.h>
| #endif
| #ifdef STDC_HEADERS
| # include <stdlib.h>
| # include <stddef.h>
| #else
| # ifdef HAVE_STDLIB_H
| #  include <stdlib.h>
| # endif
| #endif
| #ifdef HAVE_STRING_H
| # if !defined STDC_HEADERS && defined HAVE_MEMORY_H
| #  include <memory.h>
| # endif
| # include <string.h>
| #endif
| #ifdef HAVE_STRINGS_H
| # include <strings.h>
| #endif
| #ifdef HAVE_INTTYPES_H
| # include <inttypes.h>
| #endif
| #ifdef HAVE_STDINT_H
| # include <stdint.h>
| #endif
| #ifdef HAVE_UNISTD_H
| # include <unistd.h>
| #endif
| int
| main ()
| {
| if (sizeof ((bool)))
| 	    return 0;
|   ;
|   return 0;
| }
configure:5405: result: yes
configure:5432: checking for popen
configure:5432: gcc -o conftest -g -O2 -Wall -W -ansi -pedantic   conftest.c  >&5
configure:5432: $? = 0
configure:5432: result: yes
configure:5456: checking whether to enable PCRE support
configure:5458: result: yes
configure:5462: checking whether to use local PCRE
configure:5471: result: no
configure:5474: checking for a sed that does not truncate output
configure:5538: result: /bin/sed
configure:5608: checking for pcre-config
configure:5626: found /usr/bin/pcre-config
configure:5638: result: /usr/bin/pcre-config
configure:5808: checking whether to enable ccache-swig
configure:5810: result: yes
configure:5832: checking for bison
configure:5862: result: no
configure:5832: checking for byacc
configure:5862: result: no
configure:5914: checking for ranlib
configure:5930: found /usr/bin/ranlib
configure:5941: result: ranlib
configure:5967: checking for ar
configure:5983: found /usr/bin/ar
configure:5994: result: ar
configure:6011: checking for yodl2man
configure:6041: result: no
configure:6053: checking for yodl2html
configure:6083: result: no
configure:6234: checking for boostlib >= 1.20.0
configure:6314: g++ -c -g -O2 -Wall -W -ansi -pedantic    conftest.cpp >&5
conftest.cpp:27:33: fatal error: boost/version.hpp: No such file or directory
compilation terminated.
configure:6314: $? = 1
configure: failed program was:
| /* confdefs.h */
| #define PACKAGE_NAME "swig"
| #define PACKAGE_TARNAME "swig"
| #define PACKAGE_VERSION "3.0.5"
| #define PACKAGE_STRING "swig 3.0.5"
| #define PACKAGE_BUGREPORT "http://www.swig.org"
| #define PACKAGE_URL ""
| #define PACKAGE "swig"
| #define VERSION "3.0.5"
| #define SWIG_CXX "g++"
| #define SWIG_PLATFORM "i686-pc-linux-gnu"
| #define STDC_HEADERS 1
| #define HAVE_SYS_TYPES_H 1
| #define HAVE_SYS_STAT_H 1
| #define HAVE_STDLIB_H 1
| #define HAVE_STRING_H 1
| #define HAVE_MEMORY_H 1
| #define HAVE_STRINGS_H 1
| #define HAVE_INTTYPES_H 1
| #define HAVE_STDINT_H 1
| #define HAVE_UNISTD_H 1
| #define HAVE_BOOL 1
| #define HAVE_POPEN 1
| #define HAVE_PCRE 1
| /* end confdefs.h.  */
| 
|     #include <boost/version.hpp>
| 
| int
| main ()
| {
| 
|     #if BOOST_VERSION >= 102000
|     // Everything is okay
|     #else
|     #  error Boost version is too old
|     #endif
| 
|   ;
|   return 0;
| }
configure:6420: g++ -c -g -O2 -Wall -W -ansi -pedantic    -I/include/boost-0 conftest.cpp >&5
conftest.cpp:27:37: fatal error: boost/version.hpp: No such file or directory
compilation terminated.
configure:6420: $? = 1
configure: failed program was:
| /* confdefs.h */
| #define PACKAGE_NAME "swig"
| #define PACKAGE_TARNAME "swig"
| #define PACKAGE_VERSION "3.0.5"
| #define PACKAGE_STRING "swig 3.0.5"
| #define PACKAGE_BUGREPORT "http://www.swig.org"
| #define PACKAGE_URL ""
| #define PACKAGE "swig"
| #define VERSION "3.0.5"
| #define SWIG_CXX "g++"
| #define SWIG_PLATFORM "i686-pc-linux-gnu"
| #define STDC_HEADERS 1
| #define HAVE_SYS_TYPES_H 1
| #define HAVE_SYS_STAT_H 1
| #define HAVE_STDLIB_H 1
| #define HAVE_STRING_H 1
| #define HAVE_MEMORY_H 1
| #define HAVE_STRINGS_H 1
| #define HAVE_INTTYPES_H 1
| #define HAVE_STDINT_H 1
| #define HAVE_UNISTD_H 1
| #define HAVE_BOOL 1
| #define HAVE_POPEN 1
| #define HAVE_PCRE 1
| /* end confdefs.h.  */
| 
|         #include <boost/version.hpp>
| 
| int
| main ()
| {
| 
|         #if BOOST_VERSION >= 102000
|         // Everything is okay
|         #else
|         #  error Boost version is too old
|         #endif
| 
|   ;
|   return 0;
| }
configure:6439: We could not detect the boost libraries (version 1.20 or higher). If you have a staged boost library (still not installed) please specify $BOOST_ROOT in your environment and do not give a PATH to --with-boost option.  If you are sure you have boost installed, then check your version number looking in <boost/version.hpp>. See http://randspringer.de/boost for more documentation.
configure:6470: ISYSTEM: -isystem 
configure:6475: checking SO
configure:6486: result: .so
configure:6493: checking LDSHARED
configure:6542: result: gcc -shared
configure:6548: checking CXXSHARED
configure:6554: result: gcc -shared
configure:6558: checking TRYLINKINGWITHCXX
configure:6583: result: CXXSHARED= g++ -shared 
configure:6587: checking CCSHARED
configure:6606: result: -fpic
configure:6610: checking RPATH
configure:6621: result: -Xlinker -rpath $(exec_prefix)/lib -Xlinker -rpath .
configure:6627: checking LINKFORSHARED
configure:6641: result: -Xlinker -export-dynamic
configure:6645: checking PLATCFLAGS
configure:6655: result: 
configure:6666: checking whether to enable C++11 testing
configure:6668: result: no
configure:6864: checking for dlopen in -ldl
configure:6889: gcc -o conftest -g -O2 -Wall -W -ansi -pedantic    conftest.c -ldl   -L/usr/lib/i386-linux-gnu -lpcre >&5
configure:6889: $? = 0
configure:6898: result: yes
configure:6909: checking for shl_load in -ldld
configure:6934: gcc -o conftest -g -O2 -Wall -W -ansi -pedantic    conftest.c -ldld  -ldl  -L/usr/lib/i386-linux-gnu -lpcre >&5
/usr/bin/ld: cannot find -ldld
collect2: error: ld returned 1 exit status
configure:6934: $? = 1
configure: failed program was:
| /* confdefs.h */
| #define PACKAGE_NAME "swig"
| #define PACKAGE_TARNAME "swig"
| #define PACKAGE_VERSION "3.0.5"
| #define PACKAGE_STRING "swig 3.0.5"
| #define PACKAGE_BUGREPORT "http://www.swig.org"
| #define PACKAGE_URL ""
| #define PACKAGE "swig"
| #define VERSION "3.0.5"
| #define SWIG_CXX "g++"
| #define SWIG_PLATFORM "i686-pc-linux-gnu"
| #define STDC_HEADERS 1
| #define HAVE_SYS_TYPES_H 1
| #define HAVE_SYS_STAT_H 1
| #define HAVE_STDLIB_H 1
| #define HAVE_STRING_H 1
| #define HAVE_MEMORY_H 1
| #define HAVE_STRINGS_H 1
| #define HAVE_INTTYPES_H 1
| #define HAVE_STDINT_H 1
| #define HAVE_UNISTD_H 1
| #define HAVE_BOOL 1
| #define HAVE_POPEN 1
| #define HAVE_PCRE 1
| #define HAVE_LIBDL 1
| /* end confdefs.h.  */
| 
| /* Override any GCC internal prototype to avoid an error.
|    Use char because int might match the return type of a GCC
|    builtin and then its argument prototype would still apply.  */
| #ifdef __cplusplus
| extern "C"
| #endif
| char shl_load ();
| int
| main ()
| {
| return shl_load ();
|   ;
|   return 0;
| }
configure:6943: result: no
configure:6955: checking for library containing t_open
configure:6986: gcc -o conftest -g -O2 -Wall -W -ansi -pedantic    conftest.c -ldl  -L/usr/lib/i386-linux-gnu -lpcre >&5
/tmp/ccGd3uZC.o: In function `main':
/root/swig-3.0.5/conftest.c:38: undefined reference to `t_open'
collect2: error: ld returned 1 exit status
configure:6986: $? = 1
configure: failed program was:
| /* confdefs.h */
| #define PACKAGE_NAME "swig"
| #define PACKAGE_TARNAME "swig"
| #define PACKAGE_VERSION "3.0.5"
| #define PACKAGE_STRING "swig 3.0.5"
| #define PACKAGE_BUGREPORT "http://www.swig.org"
| #define PACKAGE_URL ""
| #define PACKAGE "swig"
| #define VERSION "3.0.5"
| #define SWIG_CXX "g++"
| #define SWIG_PLATFORM "i686-pc-linux-gnu"
| #define STDC_HEADERS 1
| #define HAVE_SYS_TYPES_H 1
| #define HAVE_SYS_STAT_H 1
| #define HAVE_STDLIB_H 1
| #define HAVE_STRING_H 1
| #define HAVE_MEMORY_H 1
| #define HAVE_STRINGS_H 1
| #define HAVE_INTTYPES_H 1
| #define HAVE_STDINT_H 1
| #define HAVE_UNISTD_H 1
| #define HAVE_BOOL 1
| #define HAVE_POPEN 1
| #define HAVE_PCRE 1
| #define HAVE_LIBDL 1
| /* end confdefs.h.  */
| 
| /* Override any GCC internal prototype to avoid an error.
|    Use char because int might match the return type of a GCC
|    builtin and then its argument prototype would still apply.  */
| #ifdef __cplusplus
| extern "C"
| #endif
| char t_open ();
| int
| main ()
| {
| return t_open ();
|   ;
|   return 0;
| }
configure:6986: gcc -o conftest -g -O2 -Wall -W -ansi -pedantic    conftest.c -lnsl  -ldl  -L/usr/lib/i386-linux-gnu -lpcre >&5
/tmp/cc4yKCAo.o: In function `main':
/root/swig-3.0.5/conftest.c:38: undefined reference to `t_open'
collect2: error: ld returned 1 exit status
configure:6986: $? = 1
configure: failed program was:
| /* confdefs.h */
| #define PACKAGE_NAME "swig"
| #define PACKAGE_TARNAME "swig"
| #define PACKAGE_VERSION "3.0.5"
| #define PACKAGE_STRING "swig 3.0.5"
| #define PACKAGE_BUGREPORT "http://www.swig.org"
| #define PACKAGE_URL ""
| #define PACKAGE "swig"
| #define VERSION "3.0.5"
| #define SWIG_CXX "g++"
| #define SWIG_PLATFORM "i686-pc-linux-gnu"
| #define STDC_HEADERS 1
| #define HAVE_SYS_TYPES_H 1
| #define HAVE_SYS_STAT_H 1
| #define HAVE_STDLIB_H 1
| #define HAVE_STRING_H 1
| #define HAVE_MEMORY_H 1
| #define HAVE_STRINGS_H 1
| #define HAVE_INTTYPES_H 1
| #define HAVE_STDINT_H 1
| #define HAVE_UNISTD_H 1
| #define HAVE_BOOL 1
| #define HAVE_POPEN 1
| #define HAVE_PCRE 1
| #define HAVE_LIBDL 1
| /* end confdefs.h.  */
| 
| /* Override any GCC internal prototype to avoid an error.
|    Use char because int might match the return type of a GCC
|    builtin and then its argument prototype would still apply.  */
| #ifdef __cplusplus
| extern "C"
| #endif
| char t_open ();
| int
| main ()
| {
| return t_open ();
|   ;
|   return 0;
| }
configure:7003: result: no
configure:7011: checking for library containing gethostbyname
configure:7042: gcc -o conftest -g -O2 -Wall -W -ansi -pedantic    conftest.c -ldl  -L/usr/lib/i386-linux-gnu -lpcre >&5
configure:7042: $? = 0
configure:7059: result: none required
configure:7067: checking for library containing socket
configure:7098: gcc -o conftest -g -O2 -Wall -W -ansi -pedantic    conftest.c -ldl  -L/usr/lib/i386-linux-gnu -lpcre >&5
configure:7098: $? = 0
configure:7115: result: none required
configure:7124: checking for swill_init in -lswill
configure:7149: gcc -o conftest -g -O2 -Wall -W -ansi -pedantic    conftest.c -lswill  -ldl  -L/usr/lib/i386-linux-gnu -lpcre >&5
/usr/bin/ld: cannot find -lswill
collect2: error: ld returned 1 exit status
configure:7149: $? = 1
configure: failed program was:
| /* confdefs.h */
| #define PACKAGE_NAME "swig"
| #define PACKAGE_TARNAME "swig"
| #define PACKAGE_VERSION "3.0.5"
| #define PACKAGE_STRING "swig 3.0.5"
| #define PACKAGE_BUGREPORT "http://www.swig.org"
| #define PACKAGE_URL ""
| #define PACKAGE "swig"
| #define VERSION "3.0.5"
| #define SWIG_CXX "g++"
| #define SWIG_PLATFORM "i686-pc-linux-gnu"
| #define STDC_HEADERS 1
| #define HAVE_SYS_TYPES_H 1
| #define HAVE_SYS_STAT_H 1
| #define HAVE_STDLIB_H 1
| #define HAVE_STRING_H 1
| #define HAVE_MEMORY_H 1
| #define HAVE_STRINGS_H 1
| #define HAVE_INTTYPES_H 1
| #define HAVE_STDINT_H 1
| #define HAVE_UNISTD_H 1
| #define HAVE_BOOL 1
| #define HAVE_POPEN 1
| #define HAVE_PCRE 1
| #define HAVE_LIBDL 1
| /* end confdefs.h.  */
| 
| /* Override any GCC internal prototype to avoid an error.
|    Use char because int might match the return type of a GCC
|    builtin and then its argument prototype would still apply.  */
| #ifdef __cplusplus
| extern "C"
| #endif
| char swill_init ();
| int
| main ()
| {
| return swill_init ();
|   ;
|   return 0;
| }
configure:7158: result: no
configure:7180: checking for main in -lieee
configure:7199: gcc -o conftest -g -O2 -Wall -W -ansi -pedantic    conftest.c -lieee  -ldl  -L/usr/lib/i386-linux-gnu -lpcre >&5
configure:7199: $? = 0
configure:7208: result: yes
configure:7214: checking for crypt in -lcrypt
configure:7239: gcc -o conftest -g -O2 -Wall -W -ansi -pedantic    conftest.c -lcrypt  -ldl  -L/usr/lib/i386-linux-gnu -lpcre >&5
configure:7239: $? = 0
configure:7248: result: yes
configure:7284: checking for pkg-config
configure:7300: found /usr/bin/pkg-config
configure:7311: result: pkg-config
configure:7372: checking for Tcl configuration
configure:7395: result: no
configure:7421: checking for Tcl header files
configure:7428: gcc -E   conftest.c
conftest.c:27:17: fatal error: tcl.h: No such file or directory
compilation terminated.
configure:7428: $? = 1
configure: failed program was:
| /* confdefs.h */
| #define PACKAGE_NAME "swig"
| #define PACKAGE_TARNAME "swig"
| #define PACKAGE_VERSION "3.0.5"
| #define PACKAGE_STRING "swig 3.0.5"
| #define PACKAGE_BUGREPORT "http://www.swig.org"
| #define PACKAGE_URL ""
| #define PACKAGE "swig"
| #define VERSION "3.0.5"
| #define SWIG_CXX "g++"
| #define SWIG_PLATFORM "i686-pc-linux-gnu"
| #define STDC_HEADERS 1
| #define HAVE_SYS_TYPES_H 1
| #define HAVE_SYS_STAT_H 1
| #define HAVE_STDLIB_H 1
| #define HAVE_STRING_H 1
| #define HAVE_MEMORY_H 1
| #define HAVE_STRINGS_H 1
| #define HAVE_INTTYPES_H 1
| #define HAVE_STDINT_H 1
| #define HAVE_UNISTD_H 1
| #define HAVE_BOOL 1
| #define HAVE_POPEN 1
| #define HAVE_PCRE 1
| #define HAVE_LIBDL 1
| /* end confdefs.h.  */
| #include <tcl.h>
configure:7446: result: not found
configure:7454: checking for Tcl library
configure:7467: result: not found
configure:7528: checking for python
configure:7544: found /usr/bin/python
configure:7555: result: python
configure:7571: checking for Python prefix
configure:7574: result: /usr
configure:7576: checking for Python exec-prefix
configure:7579: result: /usr
configure:7586: checking for Python version
configure:7592: result: python2.7
configure:7597: checking for Python lib dir
configure:7604: result: lib
configure:7609: checking for Python header files
configure:7619: result: -I/usr/include/python2.7 -I/usr/lib/python2.7/config
configure:7623: checking for Python library
configure:7636: result: /usr/lib/python2.7/config
configure:7690: checking for python3
configure:7720: result: no
configure:7690: checking for python3.6
configure:7720: result: no
configure:7690: checking for python3.5
configure:7720: result: no
configure:7690: checking for python3.4
configure:7720: result: no
configure:7690: checking for python3.3
configure:7720: result: no
configure:7690: checking for python3.2
configure:7720: result: no
configure:7690: checking for python3.1
configure:7720: result: no
configure:7690: checking for python3.0
configure:7720: result: no
configure:7906: checking for pep8
configure:7936: result: no
configure:7974: checking for perl
configure:7990: found /usr/bin/perl
configure:8001: result: perl
configure:8019: checking for Perl5 header files
configure:8028: result: /usr/lib/perl/5.14/CORE
configure:8040: checking for Perl5 library
configure:8047: result: perl
configure:8050: checking for Perl5 ccflags
configure:8057: result: -D_REENTRANT -D_GNU_SOURCE -DDEBIAN -fstack-protector -fno-strict-aliasing -pipe -isystem /usr/local/include -D_LARGEFILE_SOURCE -D_FILE_OFFSET_BITS=64
configure:8060: checking for Perl5 ccdlflags
configure:8067: result: -Wl,-E
configure:8070: checking for Perl5 cccdlflags
configure:8077: result: -fPIC
configure:8080: checking for Perl5 ldflags
configure:8087: result:  -fstack-protector -L/usr/local/lib
configure:8090: checking for Perl5 Test::More module
configure:8097: result: found
configure:8152: checking for octave
configure:8185: result: no
configure:8327: checking for scilab
configure:8357: result: no
configure:8480: checking for java
configure:8510: result: no
configure:8480: checking for kaffe
configure:8510: result: no
configure:8480: checking for guavac
configure:8510: result: no
configure:8527: checking for javac
configure:8557: result: no
configure:8569: checking for java include file jni.h
configure:8603: result: not found
configure:8718: checking for node
configure:8748: result: no
configure:8811: checking for JavaScriptCore/JavaScript.h
configure:8851: result: not found
configure:8866: checking for JavaScriptCore/Webkit library
configure:8873: result: not found
configure:8889: checking for V8 Javascript v8.h
configure:8925: result: /usr/include
configure:8930: checking for V8 Javascript library
configure:8955: result: /usr/lib/
configure:9022: checking for gcj
configure:9052: result: no
configure:9069: checking for gcjh
configure:9099: result: no
configure:9163: checking for android
configure:9193: result: no
configure:9210: checking for adb
configure:9240: result: no
configure:9257: checking for ant
configure:9287: result: no
configure:9304: checking for ndk-build
configure:9334: result: no
configure:9400: checking for guile-config
configure:9433: result: no
configure:9560: checking for mzscheme
configure:9593: result: no
configure:9605: checking for mzc
configure:9638: result: no
configure:9697: checking for ruby
configure:9727: result: no
configure:9739: checking for Ruby header files
configure:9834: result: could not figure out how to run ruby
configure:9878: checking for php5
configure:9908: result: no
configure:9878: checking for php
configure:9908: result: no
configure:9920: checking for PHP header files
configure:9941: result: found PHP , but only PHP 5 is supported
configure:10000: checking for Ocaml DL load generator
configure:10007: checking for ocamldlgen
configure:10037: result: no
configure:10048: checking for Ocaml package tool
configure:10055: checking for ocamlfind
configure:10085: result: no
configure:10096: checking for Ocaml compiler
configure:10103: checking for ocamlc
configure:10133: result: no
configure:10144: checking for Ocaml interpreter
configure:10151: checking for ocaml
configure:10178: result: yes
configure:10192: checking for Ocaml toplevel creator
configure:10199: checking for ocamlmktop
configure:10229: result: no
configure:10342: checking for pike
configure:10372: result: no
configure:10342: checking for pike7.8
configure:10372: result: no
configure:10342: checking for pike7.6
configure:10372: result: no
configure:10342: checking for pike7.4
configure:10372: result: no
configure:10342: checking for pike7.2
configure:10372: result: no
configure:10511: checking for chicken
configure:10541: result: no
configure:10567: checking for csc
configure:10597: result: no
configure:10634: checking for csi
configure:10664: result: no
configure:10900: checking for mono-csc
configure:10930: result: no
configure:10900: checking for gmcs
configure:10930: result: no
configure:10900: checking for mcs
configure:10930: result: no
configure:10900: checking for cscc
configure:10930: result: no
configure:11162: checking for lua5.2
configure:11195: result: no
configure:11162: checking for lua5.1
configure:11195: result: no
configure:11162: checking for lua
configure:11195: result: no
configure:11438: checking for alisp
configure:11471: result: no
configure:11507: checking for clisp
configure:11540: result: no
configure:11576: checking for R
configure:11609: result: no
configure:11650: checking for go
configure:11680: result: no
configure:11650: checking for 6g
configure:11680: result: no
configure:11650: checking for 8g
configure:11680: result: no
configure:11650: checking for gccgo
configure:11680: result: no
configure:11863: checking for dmd
configure:11893: result: no
configure:11863: checking for ldmd
configure:11893: result: no
configure:11863: checking for gdmd
configure:11893: result: no
configure:11948: checking for dmd
configure:11978: result: no
configure:11948: checking for gdmd
configure:11978: result: no
configure:12430: checking that generated files are newer than configure
configure:12436: result: done
configure:12463: creating ./config.status

## ---------------------- ##
## Running config.status. ##
## ---------------------- ##

This file was extended by swig config.status 3.0.5, which was
generated by GNU Autoconf 2.69.  Invocation command line was

  CONFIG_FILES    = 
  CONFIG_HEADERS  = 
  CONFIG_LINKS    = 
  CONFIG_COMMANDS = 
  $ ./config.status 

on ubilinux

config.status:1098: creating Makefile
config.status:1098: creating swig.spec
config.status:1098: creating Examples/Makefile
config.status:1098: creating Examples/d/example.mk
config.status:1098: creating Examples/xml/Makefile
config.status:1098: creating Examples/test-suite/errors/Makefile
config.status:1098: creating Examples/test-suite/chicken/Makefile
config.status:1098: creating Examples/test-suite/csharp/Makefile
config.status:1098: creating Examples/test-suite/d/Makefile
config.status:1098: creating Examples/test-suite/guile/Makefile
config.status:1098: creating Examples/test-suite/java/Makefile
config.status:1098: creating Examples/test-suite/javascript/Makefile
config.status:1098: creating Examples/test-suite/mzscheme/Makefile
config.status:1098: creating Examples/test-suite/ocaml/Makefile
config.status:1098: creating Examples/test-suite/octave/Makefile
config.status:1098: creating Examples/test-suite/perl5/Makefile
config.status:1098: creating Examples/test-suite/php/Makefile
config.status:1098: creating Examples/test-suite/pike/Makefile
config.status:1098: creating Examples/test-suite/python/Makefile
config.status:1098: creating Examples/test-suite/ruby/Makefile
config.status:1098: creating Examples/test-suite/scilab/Makefile
config.status:1098: creating Examples/test-suite/tcl/Makefile
config.status:1098: creating Examples/test-suite/lua/Makefile
config.status:1098: creating Examples/test-suite/allegrocl/Makefile
config.status:1098: creating Examples/test-suite/clisp/Makefile
config.status:1098: creating Examples/test-suite/cffi/Makefile
config.status:1098: creating Examples/test-suite/uffi/Makefile
config.status:1098: creating Examples/test-suite/r/Makefile
config.status:1098: creating Examples/test-suite/go/Makefile
config.status:1098: creating Source/Makefile
config.status:1098: creating Tools/javascript/Makefile
config.status:1098: creating preinst-swig
config.status:1098: creating CCache/ccache_swig_config.h
config.status:1098: creating Source/Include/swigconfig.h
config.status:1279: Source/Include/swigconfig.h is unchanged
config.status:1327: executing depfiles commands
config.status:1327: executing Examples commands
configure:13903: === configuring in CCache (/root/swig-3.0.5/CCache)
configure:13966: running /bin/bash ./configure --disable-option-checking '--prefix=/usr/local'  --cache-file=/dev/null --srcdir=.

## ---------------- ##
## Cache variables. ##
## ---------------- ##

ac_cv_build=i686-pc-linux-gnu
ac_cv_c_compiler_gnu=yes
ac_cv_cxx_compiler_gnu=yes
ac_cv_env_CCC_set=
ac_cv_env_CCC_value=
ac_cv_env_CC_set=
ac_cv_env_CC_value=
ac_cv_env_CFLAGS_set=
ac_cv_env_CFLAGS_value=
ac_cv_env_CPPFLAGS_set=
ac_cv_env_CPPFLAGS_value=
ac_cv_env_CPP_set=
ac_cv_env_CPP_value=
ac_cv_env_CXXFLAGS_set=
ac_cv_env_CXXFLAGS_value=
ac_cv_env_CXX_set=
ac_cv_env_CXX_value=
ac_cv_env_LDFLAGS_set=
ac_cv_env_LDFLAGS_value=
ac_cv_env_LIBS_set=
ac_cv_env_LIBS_value=
ac_cv_env_PCRE_CFLAGS_set=
ac_cv_env_PCRE_CFLAGS_value=
ac_cv_env_PCRE_CONFIG_set=
ac_cv_env_PCRE_CONFIG_value=
ac_cv_env_PCRE_LIBS_set=
ac_cv_env_PCRE_LIBS_value=
ac_cv_env_YACC_set=
ac_cv_env_YACC_value=
ac_cv_env_YFLAGS_set=
ac_cv_env_YFLAGS_value=
ac_cv_env_build_alias_set=
ac_cv_env_build_alias_value=
ac_cv_env_host_alias_set=
ac_cv_env_host_alias_value=
ac_cv_env_target_alias_set=
ac_cv_env_target_alias_value=
ac_cv_func_popen=yes
ac_cv_header_inttypes_h=yes
ac_cv_header_memory_h=yes
ac_cv_header_stdc=yes
ac_cv_header_stdint_h=yes
ac_cv_header_stdlib_h=yes
ac_cv_header_string_h=yes
ac_cv_header_strings_h=yes
ac_cv_header_sys_stat_h=yes
ac_cv_header_sys_types_h=yes
ac_cv_header_unistd_h=yes
ac_cv_host=i686-pc-linux-gnu
ac_cv_lib_crypt_crypt=yes
ac_cv_lib_dl_dlopen=yes
ac_cv_lib_dld_shl_load=no
ac_cv_lib_ieee_main=yes
ac_cv_lib_swill_swill_init=no
ac_cv_objext=o
ac_cv_path_EGREP='/bin/grep -E'
ac_cv_path_GREP=/bin/grep
ac_cv_path_PCRE_CONFIG=/usr/bin/pcre-config
ac_cv_path_SED=/bin/sed
ac_cv_path_install='/usr/bin/install -c'
ac_cv_path_mkdir=/bin/mkdir
ac_cv_prog_AR=ar
ac_cv_prog_AWK=mawk
ac_cv_prog_CPP='gcc -E'
ac_cv_prog_OCAMLBIN=yes
ac_cv_prog_PERL=perl
ac_cv_prog_PKGCONFIG=pkg-config
ac_cv_prog_PYTHON=python
ac_cv_prog_ac_ct_CC=gcc
ac_cv_prog_ac_ct_CXX=g++
ac_cv_prog_ac_ct_RANLIB=ranlib
ac_cv_prog_cc_c89=
ac_cv_prog_cc_g=yes
ac_cv_prog_cxx_g=yes
ac_cv_prog_make_make_set=yes
ac_cv_search_gethostbyname='none required'
ac_cv_search_socket='none required'
ac_cv_search_t_open=no
ac_cv_type_bool=yes
am_cv_CC_dependencies_compiler_type=gcc3
am_cv_CXX_dependencies_compiler_type=gcc3
am_cv_make_support_nested_variables=yes
am_cv_prog_cc_c_o=yes

## ----------------- ##
## Output variables. ##
## ----------------- ##

ACLOCAL='${SHELL} /root/swig-3.0.5/Tools/config/missing aclocal-1.14'
ADB=''
ALLEGROCLBIN=''
AMDEPBACKSLASH='\'
AMDEP_FALSE='#'
AMDEP_TRUE=''
AMTAR='$${TAR-tar}'
AM_BACKSLASH='\'
AM_DEFAULT_V='$(AM_DEFAULT_VERBOSITY)'
AM_DEFAULT_VERBOSITY='1'
AM_V='$(V)'
ANDROID=''
ANT=''
AR='ar'
AUTOCONF='${SHELL} /root/swig-3.0.5/Tools/config/missing autoconf'
AUTOHEADER='${SHELL} /root/swig-3.0.5/Tools/config/missing autoheader'
AUTOMAKE='${SHELL} /root/swig-3.0.5/Tools/config/missing automake-1.14'
AWK='mawk'
BOOST_CPPFLAGS='-I/include/boost-0'
BOOST_LDFLAGS='-L/lib'
CC='gcc'
CCDEPMODE='depmode=gcc3'
CCSHARED='-fpic'
CFLAGS='-g -O2 -Wall -W -ansi -pedantic'
CHICKEN=''
CHICKENLIB=''
CHICKENOPTS=''
CHICKENSHAREDLIB=''
CHICKEN_CSC=''
CHICKEN_CSI=''
CLISPBIN=''
CPP='gcc -E'
CPPFLAGS=' '
CSHARPCFLAGS=''
CSHARPCILINTERPRETER=''
CSHARPCILINTERPRETER_FLAGS=''
CSHARPCOMPILER=''
CSHARPCYGPATH_W='echo'
CSHARPDYNAMICLINKING=''
CSHARPLIBRARYPREFIX='lib'
CSHARPPATHSEPARATOR='/'
CSHARPSO='.so'
CXX='g++'
CXXDEPMODE='depmode=gcc3'
CXXFLAGS='-g -O2 -Wall -W -ansi -pedantic'
CXXSHARED='gcc -shared'
CYGPATH_W='echo'
D1COMPILER=''
D2COMPILER=''
DDEFAULTVERSION=''
DEFS='-DHAVE_CONFIG_H'
DEPDIR='.deps'
DLIBPREFIX='lib'
ECHO_C=''
ECHO_N='-n'
ECHO_T=''
EGREP='/bin/grep -E'
ENABLE_CCACHE='1'
EXEEXT=''
EXTRA_CLEAN=''
GCJ=''
GCJH=''
GO12='false'
GO13='false'
GO1='false'
GO=''
GOC=''
GOGCC='false'
GOOPT=''
GOVERSIONOPTION=''
GREP='/bin/grep'
GUILE='yes'
GUILE_CFLAGS=''
GUILE_CONFIG=''
GUILE_LIBS=''
GUILE_SO='.so'
HAVE_CXX11_COMPILER=''
INSTALL_DATA='${INSTALL} -m 644'
INSTALL_PROGRAM='${INSTALL}'
INSTALL_SCRIPT='${INSTALL}'
INSTALL_STRIP_PROGRAM='$(install_sh) -c -s'
JAVA=''
JAVAC=''
JAVACFLAGS=''
JAVACXXSHARED='$(CXXSHARED)'
JAVADYNAMICLINKING=''
JAVAINC=''
JAVALDSHARED='$(LDSHARED)'
JAVALIBRARYPREFIX='lib'
JAVASO='.so'
JSCENABLED=''
JSCOREDYNAMICLINKING=''
JSCOREINC=''
JSCOREVERSION=''
JSINTERPRETERCXX='$(CXX)'
JSINTERPRETERLINKFLAGS='-ldl'
JSV8DYNAMICLINKING='-L/usr/lib/ -lv8'
JSV8ENABLED='1'
JSV8INC='-I"/usr/include"'
LDFLAGS=''
LDSHARED='gcc -shared'
LIBC=''
LIBCRYPT='-lcrypt'
LIBM='-lieee -lm'
LIBOBJS=''
LIBS='-ldl  -L/usr/lib/i386-linux-gnu -lpcre'
LINKFORSHARED='-Xlinker -export-dynamic'
LTLIBOBJS=''
LUABIN=''
LUADYNAMICLINKING=''
LUAFLAGS=''
LUALINK=''
LUA_SO='.so'
MAKEINFO='${SHELL} /root/swig-3.0.5/Tools/config/missing makeinfo'
MKDIR_P='/bin/mkdir -p'
MZC=''
MZDYNOBJ=''
MZSCHEME=''
MZSCHEME_SO='.so'
NDKBUILD=''
NODEGYP=''
NODEJS=''
OBJEXT='o'
OCAMLBIN='yes'
OCAMLC=':'
OCAMLDLGEN=':'
OCAMLFIND=':'
OCAMLINC=''
OCAMLLOC='loc'
OCAMLMKTOP=':'
OCAMLVER=''
OCTAVE=''
OCTAVE_CPPFLAGS=''
OCTAVE_CXXFLAGS=''
OCTAVE_LDFLAGS=''
OCTAVE_SO='.oct'
PACKAGE='swig'
PACKAGE_BUGREPORT='http://www.swig.org'
PACKAGE_NAME='swig'
PACKAGE_STRING='swig 3.0.5'
PACKAGE_TARNAME='swig'
PACKAGE_URL=''
PACKAGE_VERSION='3.0.5'
PATH_SEPARATOR=':'
PCRE_CFLAGS=''
PCRE_CONFIG='/usr/bin/pcre-config'
PCRE_LIBS='-L/usr/lib/i386-linux-gnu -lpcre'
PEP8=''
PERL5CCCDLFLAGS='-fPIC'
PERL5CCDLFLAGS='-Wl,-E'
PERL5CCFLAGS='-D_REENTRANT -D_GNU_SOURCE -DDEBIAN -fstack-protector -fno-strict-aliasing -pipe -isystem /usr/local/include -D_LARGEFILE_SOURCE -D_FILE_OFFSET_BITS=64'
PERL5DYNAMICLINKING=''
PERL5EXT='/usr/lib/perl/5.14/CORE'
PERL5LDFLAGS=' -fstack-protector -L/usr/local/lib'
PERL5LIB='perl'
PERL='perl'
PHP=''
PHPINC=''
PHP_SO='.so'
PIKE=''
PIKECCDLFLAGS=''
PIKECONFIG=''
PIKEDYNAMICLINKING=''
PIKEINCLUDE=''
PKGCONFIG='pkg-config'
PLATCFLAGS=''
PLATCXXFLAGS=''
PY3CONFIG=''
PY3INCLUDE=''
PY3LIB=''
PY3LINK=''
PYINCLUDE='-I/usr/include/python2.7 -I/usr/lib/python2.7/config'
PYLIB='/usr/lib/python2.7/config'
PYLINK='-lpython2.7'
PYTHON3=''
PYTHON3DYNAMICLINKING=''
PYTHON='python'
PYTHONDYNAMICLINKING=''
PYTHON_SO='.so'
RANLIB='ranlib'
RBIN=''
ROOT_DIR='/root/swig-3.0.5'
RPATH='-Xlinker -rpath $(exec_prefix)/lib -Xlinker -rpath .'
RUBY=''
RUBYCCDLFLAGS=''
RUBYDYNAMICLINKING=''
RUBYINCLUDE=''
RUBYLIB=''
RUBYLINK=''
RUBYSO='.so'
SCILAB=''
SCILABINCLUDE=''
SCILABOPT=''
SED='/bin/sed'
SET_MAKE=''
SHELL='/bin/bash'
SKIP_ALLEGROCL='1'
SKIP_ANDROID='1'
SKIP_CFFI='1'
SKIP_CHICKEN='1'
SKIP_CLISP='1'
SKIP_CSHARP='1'
SKIP_D='1'
SKIP_GCJ='1'
SKIP_GO='1'
SKIP_GUILE='1'
SKIP_JAVA='1'
SKIP_JAVASCRIPT=''
SKIP_LUA='1'
SKIP_MODULA3='1'
SKIP_MZSCHEME='1'
SKIP_OCAML='1'
SKIP_OCTAVE='1'
SKIP_PERL5=''
SKIP_PHP='1'
SKIP_PIKE='1'
SKIP_PYTHON3='1'
SKIP_PYTHON=''
SKIP_R='1'
SKIP_RUBY='1'
SKIP_SCILAB='1'
SKIP_TCL='1'
SKIP_UFFI='1'
SO='.so'
STRIP=''
SWIGLIBS=''
SWIG_LIB='/usr/local/share/swig/3.0.5'
SWILL=''
TCLCXXSHARED='$(CXXSHARED)'
TCLDYNAMICLINKING=''
TCLINCLUDE=''
TCLLDSHARED='$(LDSHARED)'
TCLLIB=''
TCL_SO='.so'
TRYLINKINGWITHCXX='CXXSHARED= g++ -shared '
VERSION='3.0.5'
YACC='yacc'
YFLAGS=''
YODL2HTML=''
YODL2MAN=''
ac_aux_dir='Tools/config'
ac_ct_CC='gcc'
ac_ct_CXX='g++'
am__EXEEXT_FALSE=''
am__EXEEXT_TRUE='#'
am__fastdepCC_FALSE='#'
am__fastdepCC_TRUE=''
am__fastdepCXX_FALSE='#'
am__fastdepCXX_TRUE=''
am__include='include'
am__isrc=''
am__leading_dot='.'
am__nodep='_no'
am__quote=''
am__tar='$${TAR-tar} chof - "$$tardir"'
am__untar='$${TAR-tar} xf -'
bindir='${exec_prefix}/bin'
build='i686-pc-linux-gnu'
build_alias=''
build_cpu='i686'
build_os='linux-gnu'
build_vendor='pc'
datadir='${datarootdir}'
datarootdir='${prefix}/share'
docdir='${datarootdir}/doc/${PACKAGE_TARNAME}'
dvidir='${docdir}'
exec_prefix='${prefix}'
host='i686-pc-linux-gnu'
host_alias=''
host_cpu='i686'
host_os='linux-gnu'
host_vendor='pc'
htmldir='${docdir}'
includedir='${prefix}/include'
infodir='${datarootdir}/info'
install_sh='${SHELL} /root/swig-3.0.5/Tools/config/install-sh'
libdir='${exec_prefix}/lib'
libexecdir='${exec_prefix}/libexec'
localedir='${datarootdir}/locale'
localstatedir='${prefix}/var'
mandir='${datarootdir}/man'
mkdir_p='$(MKDIR_P)'
oldincludedir='/usr/include'
pdfdir='${docdir}'
prefix='/usr/local'
program_transform_name='s,x,x,'
psdir='${docdir}'
sbindir='${exec_prefix}/sbin'
sharedstatedir='${prefix}/com'
subdirs=' CCache'
swig_lib='${datarootdir}/swig/3.0.5'
sysconfdir='${prefix}/etc'
target_alias=''

## ----------- ##
## confdefs.h. ##
## ----------- ##

/* confdefs.h */
#define PACKAGE_NAME "swig"
#define PACKAGE_TARNAME "swig"
#define PACKAGE_VERSION "3.0.5"
#define PACKAGE_STRING "swig 3.0.5"
#define PACKAGE_BUGREPORT "http://www.swig.org"
#define PACKAGE_URL ""
#define PACKAGE "swig"
#define VERSION "3.0.5"
#define SWIG_CXX "g++"
#define SWIG_PLATFORM "i686-pc-linux-gnu"
#define STDC_HEADERS 1
#define HAVE_SYS_TYPES_H 1
#define HAVE_SYS_STAT_H 1
#define HAVE_STDLIB_H 1
#define HAVE_STRING_H 1
#define HAVE_MEMORY_H 1
#define HAVE_STRINGS_H 1
#define HAVE_INTTYPES_H 1
#define HAVE_STDINT_H 1
#define HAVE_UNISTD_H 1
#define HAVE_BOOL 1
#define HAVE_POPEN 1
#define HAVE_PCRE 1
#define HAVE_LIBDL 1
#define SWIG_LIB "/usr/local/share/swig/3.0.5"
#define SWIG_LIB_WIN_UNIX ""

configure: exit 0
